{"/Users/soleil00/Desktop/my-brand-backend/server/controllers/blogControllers.ts": {"path":"/Users/soleil00/Desktop/my-brand-backend/server/controllers/blogControllers.ts","statementMap":{"0":{"start":{"line":2,"column":0},"end":{"line":2,"column":56}},"1":{"start":{"line":3,"column":0},"end":{"line":3,"column":62}},"2":{"start":{"line":6,"column":27},"end":{"line":29,"column":null}},"3":{"start":{"line":6,"column":65},"end":{"line":29,"column":null}},"4":{"start":{"line":7,"column":4},"end":{"line":28,"column":5}},"5":{"start":{"line":8,"column":25},"end":{"line":8,"column":59}},"6":{"start":{"line":9,"column":22},"end":{"line":9,"column":56}},"7":{"start":{"line":11,"column":8},"end":{"line":22,"column":9}},"8":{"start":{"line":12,"column":12},"end":{"line":16,"column":null}},"9":{"start":{"line":18,"column":12},"end":{"line":21,"column":null}},"10":{"start":{"line":24,"column":8},"end":{"line":27,"column":null}},"11":{"start":{"line":6,"column":13},"end":{"line":6,"column":27}},"12":{"start":{"line":31,"column":28},"end":{"line":48,"column":null}},"13":{"start":{"line":31,"column":66},"end":{"line":48,"column":null}},"14":{"start":{"line":32,"column":4},"end":{"line":47,"column":5}},"15":{"start":{"line":33,"column":26},"end":{"line":33,"column":60}},"16":{"start":{"line":35,"column":9},"end":{"line":39,"column":null}},"17":{"start":{"line":42,"column":8},"end":{"line":42,"column":null}},"18":{"start":{"line":43,"column":8},"end":{"line":46,"column":null}},"19":{"start":{"line":31,"column":13},"end":{"line":31,"column":28}},"20":{"start":{"line":50,"column":32},"end":{"line":66,"column":null}},"21":{"start":{"line":50,"column":70},"end":{"line":66,"column":null}},"22":{"start":{"line":51,"column":4},"end":{"line":65,"column":5}},"23":{"start":{"line":52,"column":21},"end":{"line":52,"column":55}},"24":{"start":{"line":53,"column":8},"end":{"line":58,"column":null}},"25":{"start":{"line":60,"column":8},"end":{"line":64,"column":null}},"26":{"start":{"line":50,"column":13},"end":{"line":50,"column":32}},"27":{"start":{"line":68,"column":26},"end":{"line":84,"column":null}},"28":{"start":{"line":68,"column":64},"end":{"line":84,"column":null}},"29":{"start":{"line":69,"column":4},"end":{"line":83,"column":5}},"30":{"start":{"line":70,"column":26},"end":{"line":70,"column":74}},"31":{"start":{"line":71,"column":8},"end":{"line":76,"column":null}},"32":{"start":{"line":78,"column":8},"end":{"line":82,"column":null}},"33":{"start":{"line":68,"column":13},"end":{"line":68,"column":26}},"34":{"start":{"line":86,"column":29},"end":{"line":100,"column":null}},"35":{"start":{"line":86,"column":67},"end":{"line":100,"column":null}},"36":{"start":{"line":87,"column":4},"end":{"line":99,"column":5}},"37":{"start":{"line":88,"column":26},"end":{"line":88,"column":71}},"38":{"start":{"line":89,"column":8},"end":{"line":93,"column":null}},"39":{"start":{"line":95,"column":8},"end":{"line":98,"column":null}},"40":{"start":{"line":86,"column":13},"end":{"line":86,"column":29}},"41":{"start":{"line":102,"column":30},"end":{"line":125,"column":null}},"42":{"start":{"line":102,"column":68},"end":{"line":125,"column":null}},"43":{"start":{"line":103,"column":4},"end":{"line":124,"column":5}},"44":{"start":{"line":104,"column":23},"end":{"line":104,"column":58}},"45":{"start":{"line":107,"column":8},"end":{"line":118,"column":9}},"46":{"start":{"line":108,"column":12},"end":{"line":112,"column":null}},"47":{"start":{"line":114,"column":12},"end":{"line":117,"column":null}},"48":{"start":{"line":120,"column":8},"end":{"line":123,"column":null}},"49":{"start":{"line":102,"column":13},"end":{"line":102,"column":30}},"50":{"start":{"line":128,"column":32},"end":{"line":145,"column":null}},"51":{"start":{"line":128,"column":70},"end":{"line":145,"column":null}},"52":{"start":{"line":129,"column":4},"end":{"line":144,"column":5}},"53":{"start":{"line":130,"column":21},"end":{"line":130,"column":64}},"54":{"start":{"line":132,"column":8},"end":{"line":138,"column":9}},"55":{"start":{"line":133,"column":12},"end":{"line":137,"column":null}},"56":{"start":{"line":140,"column":8},"end":{"line":143,"column":null}},"57":{"start":{"line":128,"column":13},"end":{"line":128,"column":32}}},"fnMap":{"0":{"name":"(anonymous_13)","decl":{"start":{"line":6,"column":27},"end":{"line":6,"column":34}},"loc":{"start":{"line":6,"column":65},"end":{"line":29,"column":null}}},"1":{"name":"(anonymous_14)","decl":{"start":{"line":6,"column":65},"end":{"line":6,"column":null}},"loc":{"start":{"line":6,"column":65},"end":{"line":29,"column":1}}},"2":{"name":"(anonymous_15)","decl":{"start":{"line":31,"column":28},"end":{"line":31,"column":35}},"loc":{"start":{"line":31,"column":66},"end":{"line":48,"column":null}}},"3":{"name":"(anonymous_16)","decl":{"start":{"line":31,"column":66},"end":{"line":31,"column":null}},"loc":{"start":{"line":31,"column":66},"end":{"line":48,"column":1}}},"4":{"name":"(anonymous_17)","decl":{"start":{"line":50,"column":32},"end":{"line":50,"column":39}},"loc":{"start":{"line":50,"column":70},"end":{"line":66,"column":null}}},"5":{"name":"(anonymous_18)","decl":{"start":{"line":50,"column":70},"end":{"line":50,"column":null}},"loc":{"start":{"line":50,"column":70},"end":{"line":66,"column":1}}},"6":{"name":"(anonymous_19)","decl":{"start":{"line":68,"column":26},"end":{"line":68,"column":33}},"loc":{"start":{"line":68,"column":64},"end":{"line":84,"column":null}}},"7":{"name":"(anonymous_20)","decl":{"start":{"line":68,"column":64},"end":{"line":68,"column":null}},"loc":{"start":{"line":68,"column":64},"end":{"line":84,"column":1}}},"8":{"name":"(anonymous_21)","decl":{"start":{"line":86,"column":29},"end":{"line":86,"column":36}},"loc":{"start":{"line":86,"column":67},"end":{"line":100,"column":null}}},"9":{"name":"(anonymous_22)","decl":{"start":{"line":86,"column":67},"end":{"line":86,"column":null}},"loc":{"start":{"line":86,"column":67},"end":{"line":100,"column":1}}},"10":{"name":"(anonymous_23)","decl":{"start":{"line":102,"column":30},"end":{"line":102,"column":37}},"loc":{"start":{"line":102,"column":68},"end":{"line":125,"column":null}}},"11":{"name":"(anonymous_24)","decl":{"start":{"line":102,"column":68},"end":{"line":102,"column":null}},"loc":{"start":{"line":102,"column":68},"end":{"line":125,"column":1}}},"12":{"name":"(anonymous_25)","decl":{"start":{"line":128,"column":32},"end":{"line":128,"column":39}},"loc":{"start":{"line":128,"column":70},"end":{"line":145,"column":null}}},"13":{"name":"(anonymous_26)","decl":{"start":{"line":128,"column":70},"end":{"line":128,"column":null}},"loc":{"start":{"line":128,"column":70},"end":{"line":145,"column":1}}}},"branchMap":{"0":{"loc":{"start":{"line":11,"column":8},"end":{"line":22,"column":9}},"type":"if","locations":[{"start":{"line":11,"column":8},"end":{"line":22,"column":9}},{"start":{"line":17,"column":15},"end":{"line":22,"column":9}}]},"1":{"loc":{"start":{"line":107,"column":8},"end":{"line":118,"column":9}},"type":"if","locations":[{"start":{"line":107,"column":8},"end":{"line":118,"column":9}},{"start":{"line":113,"column":15},"end":{"line":118,"column":9}}]},"2":{"loc":{"start":{"line":132,"column":8},"end":{"line":138,"column":9}},"type":"if","locations":[{"start":{"line":132,"column":8},"end":{"line":138,"column":9}}]}},"s":{"0":4,"1":4,"2":4,"3":1,"4":1,"5":1,"6":1,"7":1,"8":1,"9":0,"10":0,"11":4,"12":4,"13":2,"14":2,"15":2,"16":2,"17":0,"18":0,"19":4,"20":4,"21":1,"22":1,"23":1,"24":1,"25":0,"26":4,"27":4,"28":1,"29":1,"30":1,"31":1,"32":0,"33":4,"34":4,"35":2,"36":2,"37":2,"38":1,"39":1,"40":4,"41":4,"42":1,"43":1,"44":1,"45":1,"46":1,"47":0,"48":0,"49":4,"50":4,"51":1,"52":1,"53":1,"54":1,"55":1,"56":0,"57":4},"f":{"0":1,"1":1,"2":2,"3":2,"4":1,"5":1,"6":1,"7":1,"8":2,"9":2,"10":1,"11":1,"12":1,"13":1},"b":{"0":[1,0],"1":[1,0],"2":[1]}}
,"/Users/soleil00/Desktop/my-brand-backend/server/controllers/messagesController.ts": {"path":"/Users/soleil00/Desktop/my-brand-backend/server/controllers/messagesController.ts","statementMap":{"0":{"start":{"line":2,"column":0},"end":{"line":2,"column":61}},"1":{"start":{"line":4,"column":31},"end":{"line":16,"column":null}},"2":{"start":{"line":4,"column":67},"end":{"line":16,"column":null}},"3":{"start":{"line":5,"column":4},"end":{"line":15,"column":5}},"4":{"start":{"line":6,"column":25},"end":{"line":6,"column":60}},"5":{"start":{"line":8,"column":8},"end":{"line":8,"column":null}},"6":{"start":{"line":11,"column":8},"end":{"line":14,"column":11}},"7":{"start":{"line":4,"column":13},"end":{"line":4,"column":31}},"8":{"start":{"line":20,"column":30},"end":{"line":30,"column":null}},"9":{"start":{"line":20,"column":68},"end":{"line":30,"column":null}},"10":{"start":{"line":22,"column":4},"end":{"line":29,"column":5}},"11":{"start":{"line":23,"column":25},"end":{"line":23,"column":69}},"12":{"start":{"line":25,"column":8},"end":{"line":25,"column":null}},"13":{"start":{"line":20,"column":13},"end":{"line":20,"column":30}},"14":{"start":{"line":32,"column":29},"end":{"line":47,"column":null}},"15":{"start":{"line":32,"column":67},"end":{"line":47,"column":null}},"16":{"start":{"line":34,"column":4},"end":{"line":45,"column":5}},"17":{"start":{"line":35,"column":25},"end":{"line":35,"column":69}},"18":{"start":{"line":37,"column":8},"end":{"line":37,"column":null}},"19":{"start":{"line":40,"column":8},"end":{"line":44,"column":null}},"20":{"start":{"line":32,"column":13},"end":{"line":32,"column":29}}},"fnMap":{"0":{"name":"(anonymous_13)","decl":{"start":{"line":4,"column":31},"end":{"line":4,"column":38}},"loc":{"start":{"line":4,"column":67},"end":{"line":16,"column":null}}},"1":{"name":"(anonymous_14)","decl":{"start":{"line":4,"column":67},"end":{"line":4,"column":null}},"loc":{"start":{"line":4,"column":67},"end":{"line":16,"column":1}}},"2":{"name":"(anonymous_15)","decl":{"start":{"line":20,"column":30},"end":{"line":20,"column":37}},"loc":{"start":{"line":20,"column":68},"end":{"line":30,"column":null}}},"3":{"name":"(anonymous_16)","decl":{"start":{"line":20,"column":68},"end":{"line":20,"column":null}},"loc":{"start":{"line":20,"column":68},"end":{"line":30,"column":1}}},"4":{"name":"(anonymous_17)","decl":{"start":{"line":32,"column":29},"end":{"line":32,"column":36}},"loc":{"start":{"line":32,"column":67},"end":{"line":47,"column":null}}},"5":{"name":"(anonymous_18)","decl":{"start":{"line":32,"column":67},"end":{"line":32,"column":null}},"loc":{"start":{"line":32,"column":67},"end":{"line":47,"column":1}}}},"branchMap":{},"s":{"0":4,"1":4,"2":3,"3":3,"4":3,"5":3,"6":0,"7":4,"8":4,"9":1,"10":1,"11":1,"12":1,"13":4,"14":4,"15":1,"16":1,"17":1,"18":1,"19":0,"20":4},"f":{"0":3,"1":3,"2":1,"3":1,"4":1,"5":1},"b":{}}
,"/Users/soleil00/Desktop/my-brand-backend/server/controllers/userController.ts": {"path":"/Users/soleil00/Desktop/my-brand-backend/server/controllers/userController.ts","statementMap":{"0":{"start":{"line":2,"column":0},"end":{"line":2,"column":55}},"1":{"start":{"line":4,"column":0},"end":{"line":4,"column":30}},"2":{"start":{"line":5,"column":0},"end":{"line":5,"column":37}},"3":{"start":{"line":7,"column":27},"end":{"line":27,"column":null}},"4":{"start":{"line":7,"column":65},"end":{"line":27,"column":null}},"5":{"start":{"line":8,"column":4},"end":{"line":26,"column":5}},"6":{"start":{"line":9,"column":22},"end":{"line":9,"column":53}},"7":{"start":{"line":10,"column":8},"end":{"line":18,"column":9}},"8":{"start":{"line":11,"column":30},"end":{"line":11,"column":63}},"9":{"start":{"line":12,"column":12},"end":{"line":17,"column":15}},"10":{"start":{"line":19,"column":8},"end":{"line":21,"column":11}},"11":{"start":{"line":23,"column":8},"end":{"line":25,"column":11}},"12":{"start":{"line":7,"column":13},"end":{"line":7,"column":27}},"13":{"start":{"line":29,"column":28},"end":{"line":52,"column":null}},"14":{"start":{"line":29,"column":66},"end":{"line":52,"column":null}},"15":{"start":{"line":30,"column":4},"end":{"line":51,"column":5}},"16":{"start":{"line":32,"column":27},"end":{"line":32,"column":72}},"17":{"start":{"line":34,"column":8},"end":{"line":39,"column":9}},"18":{"start":{"line":35,"column":12},"end":{"line":38,"column":15}},"19":{"start":{"line":40,"column":21},"end":{"line":40,"column":54}},"20":{"start":{"line":41,"column":8},"end":{"line":45,"column":11}},"21":{"start":{"line":48,"column":8},"end":{"line":50,"column":11}},"22":{"start":{"line":29,"column":13},"end":{"line":29,"column":28}},"23":{"start":{"line":54,"column":29},"end":{"line":67,"column":null}},"24":{"start":{"line":54,"column":67},"end":{"line":67,"column":null}},"25":{"start":{"line":55,"column":4},"end":{"line":66,"column":5}},"26":{"start":{"line":56,"column":25},"end":{"line":56,"column":65}},"27":{"start":{"line":58,"column":8},"end":{"line":58,"column":null}},"28":{"start":{"line":62,"column":8},"end":{"line":65,"column":11}},"29":{"start":{"line":54,"column":13},"end":{"line":54,"column":29}},"30":{"start":{"line":70,"column":26},"end":{"line":89,"column":null}},"31":{"start":{"line":70,"column":64},"end":{"line":89,"column":null}},"32":{"start":{"line":71,"column":4},"end":{"line":88,"column":5}},"33":{"start":{"line":72,"column":21},"end":{"line":72,"column":64}},"34":{"start":{"line":73,"column":8},"end":{"line":79,"column":9}},"35":{"start":{"line":74,"column":12},"end":{"line":78,"column":15}},"36":{"start":{"line":80,"column":8},"end":{"line":82,"column":11}},"37":{"start":{"line":84,"column":8},"end":{"line":87,"column":11}},"38":{"start":{"line":70,"column":13},"end":{"line":70,"column":26}},"39":{"start":{"line":92,"column":26},"end":{"line":112,"column":null}},"40":{"start":{"line":92,"column":64},"end":{"line":112,"column":null}},"41":{"start":{"line":93,"column":4},"end":{"line":111,"column":5}},"42":{"start":{"line":94,"column":21},"end":{"line":94,"column":54}},"43":{"start":{"line":95,"column":8},"end":{"line":101,"column":9}},"44":{"start":{"line":96,"column":12},"end":{"line":100,"column":15}},"45":{"start":{"line":102,"column":8},"end":{"line":104,"column":11}},"46":{"start":{"line":107,"column":8},"end":{"line":110,"column":11}},"47":{"start":{"line":92,"column":13},"end":{"line":92,"column":26}},"48":{"start":{"line":115,"column":25},"end":{"line":152,"column":null}},"49":{"start":{"line":115,"column":63},"end":{"line":152,"column":null}},"50":{"start":{"line":116,"column":4},"end":{"line":151,"column":5}},"51":{"start":{"line":117,"column":21},"end":{"line":117,"column":53}},"52":{"start":{"line":119,"column":8},"end":{"line":123,"column":9}},"53":{"start":{"line":120,"column":12},"end":{"line":122,"column":15}},"54":{"start":{"line":124,"column":32},"end":{"line":124,"column":67}},"55":{"start":{"line":128,"column":8},"end":{"line":143,"column":9}},"56":{"start":{"line":129,"column":26},"end":{"line":131,"column":14}},"57":{"start":{"line":133,"column":12},"end":{"line":138,"column":11}},"58":{"start":{"line":140,"column":12},"end":{"line":142,"column":15}},"59":{"start":{"line":147,"column":8},"end":{"line":150,"column":11}},"60":{"start":{"line":115,"column":13},"end":{"line":115,"column":25}}},"fnMap":{"0":{"name":"(anonymous_14)","decl":{"start":{"line":7,"column":27},"end":{"line":7,"column":34}},"loc":{"start":{"line":7,"column":65},"end":{"line":27,"column":null}}},"1":{"name":"(anonymous_15)","decl":{"start":{"line":7,"column":65},"end":{"line":7,"column":null}},"loc":{"start":{"line":7,"column":65},"end":{"line":27,"column":1}}},"2":{"name":"(anonymous_16)","decl":{"start":{"line":29,"column":28},"end":{"line":29,"column":35}},"loc":{"start":{"line":29,"column":66},"end":{"line":52,"column":null}}},"3":{"name":"(anonymous_17)","decl":{"start":{"line":29,"column":66},"end":{"line":29,"column":null}},"loc":{"start":{"line":29,"column":66},"end":{"line":52,"column":1}}},"4":{"name":"(anonymous_18)","decl":{"start":{"line":54,"column":29},"end":{"line":54,"column":36}},"loc":{"start":{"line":54,"column":67},"end":{"line":67,"column":null}}},"5":{"name":"(anonymous_19)","decl":{"start":{"line":54,"column":67},"end":{"line":54,"column":null}},"loc":{"start":{"line":54,"column":67},"end":{"line":67,"column":1}}},"6":{"name":"(anonymous_20)","decl":{"start":{"line":70,"column":26},"end":{"line":70,"column":33}},"loc":{"start":{"line":70,"column":64},"end":{"line":89,"column":null}}},"7":{"name":"(anonymous_21)","decl":{"start":{"line":70,"column":64},"end":{"line":70,"column":null}},"loc":{"start":{"line":70,"column":64},"end":{"line":89,"column":1}}},"8":{"name":"(anonymous_22)","decl":{"start":{"line":92,"column":26},"end":{"line":92,"column":33}},"loc":{"start":{"line":92,"column":64},"end":{"line":112,"column":null}}},"9":{"name":"(anonymous_23)","decl":{"start":{"line":92,"column":64},"end":{"line":92,"column":null}},"loc":{"start":{"line":92,"column":64},"end":{"line":112,"column":1}}},"10":{"name":"(anonymous_24)","decl":{"start":{"line":115,"column":25},"end":{"line":115,"column":32}},"loc":{"start":{"line":115,"column":63},"end":{"line":152,"column":null}}},"11":{"name":"(anonymous_25)","decl":{"start":{"line":115,"column":63},"end":{"line":115,"column":null}},"loc":{"start":{"line":115,"column":63},"end":{"line":152,"column":1}}}},"branchMap":{"0":{"loc":{"start":{"line":10,"column":8},"end":{"line":18,"column":9}},"type":"if","locations":[{"start":{"line":10,"column":8},"end":{"line":18,"column":9}}]},"1":{"loc":{"start":{"line":34,"column":8},"end":{"line":39,"column":9}},"type":"if","locations":[{"start":{"line":34,"column":8},"end":{"line":39,"column":9}}]},"2":{"loc":{"start":{"line":73,"column":8},"end":{"line":79,"column":9}},"type":"if","locations":[{"start":{"line":73,"column":8},"end":{"line":79,"column":9}}]},"3":{"loc":{"start":{"line":95,"column":8},"end":{"line":101,"column":9}},"type":"if","locations":[{"start":{"line":95,"column":8},"end":{"line":101,"column":9}}]},"4":{"loc":{"start":{"line":119,"column":8},"end":{"line":123,"column":9}},"type":"if","locations":[{"start":{"line":119,"column":8},"end":{"line":123,"column":9}}]},"5":{"loc":{"start":{"line":128,"column":8},"end":{"line":143,"column":9}},"type":"if","locations":[{"start":{"line":128,"column":8},"end":{"line":143,"column":9}},{"start":{"line":139,"column":15},"end":{"line":143,"column":9}}]},"6":{"loc":{"start":{"line":128,"column":12},"end":{"line":128,"column":35}},"type":"binary-expr","locations":[{"start":{"line":128,"column":12},"end":{"line":128,"column":16}},{"start":{"line":128,"column":20},"end":{"line":128,"column":35}}]}},"s":{"0":4,"1":4,"2":4,"3":4,"4":1,"5":1,"6":1,"7":1,"8":1,"9":1,"10":0,"11":0,"12":4,"13":4,"14":10,"15":10,"16":10,"17":10,"18":0,"19":10,"20":10,"21":0,"22":4,"23":4,"24":1,"25":1,"26":1,"27":1,"28":0,"29":4,"30":4,"31":1,"32":1,"33":1,"34":1,"35":1,"36":0,"37":0,"38":4,"39":4,"40":1,"41":1,"42":1,"43":1,"44":1,"45":0,"46":0,"47":4,"48":4,"49":3,"50":3,"51":3,"52":3,"53":1,"54":2,"55":2,"56":1,"57":1,"58":1,"59":0,"60":4},"f":{"0":1,"1":1,"2":10,"3":10,"4":1,"5":1,"6":1,"7":1,"8":1,"9":1,"10":3,"11":3},"b":{"0":[1],"1":[0],"2":[1],"3":[1],"4":[1],"5":[1,1],"6":[2,2]}}
,"/Users/soleil00/Desktop/my-brand-backend/server/doc/swaggerOptions.ts": {"path":"/Users/soleil00/Desktop/my-brand-backend/server/doc/swaggerOptions.ts","statementMap":{"0":{"start":{"line":1,"column":0},"end":{"line":1,"column":33}},"1":{"start":{"line":2,"column":0},"end":{"line":2,"column":27}},"2":{"start":{"line":3,"column":0},"end":{"line":3,"column":49}},"3":{"start":{"line":5,"column":0},"end":{"line":5,"column":null}},"4":{"start":{"line":7,"column":18},"end":{"line":7,"column":26}},"5":{"start":{"line":9,"column":16},"end":{"line":638,"column":null}},"6":{"start":{"line":640,"column":0},"end":{"line":640,"column":26}},"7":{"start":{"line":641,"column":0},"end":{"line":641,"column":null}},"8":{"start":{"line":643,"column":0},"end":{"line":643,"column":25}}},"fnMap":{},"branchMap":{},"s":{"0":4,"1":4,"2":4,"3":4,"4":4,"5":4,"6":4,"7":4,"8":4},"f":{},"b":{}}
,"/Users/soleil00/Desktop/my-brand-backend/server/middlewares/adminValidation.ts": {"path":"/Users/soleil00/Desktop/my-brand-backend/server/middlewares/adminValidation.ts","statementMap":{"0":{"start":{"line":7,"column":23},"end":{"line":25,"column":2}},"1":{"start":{"line":7,"column":77},"end":{"line":25,"column":2}},"2":{"start":{"line":9,"column":38},"end":{"line":9,"column":53}},"3":{"start":{"line":11,"column":4},"end":{"line":24,"column":5}},"4":{"start":{"line":13,"column":8},"end":{"line":20,"column":9}},"5":{"start":{"line":14,"column":12},"end":{"line":14,"column":19}},"6":{"start":{"line":16,"column":12},"end":{"line":19,"column":null}},"7":{"start":{"line":23,"column":8},"end":{"line":23,"column":62}},"8":{"start":{"line":7,"column":13},"end":{"line":7,"column":23}}},"fnMap":{"0":{"name":"(anonymous_7)","decl":{"start":{"line":7,"column":23},"end":{"line":7,"column":30}},"loc":{"start":{"line":7,"column":77},"end":{"line":25,"column":2}}},"1":{"name":"(anonymous_8)","decl":{"start":{"line":7,"column":77},"end":{"line":7,"column":null}},"loc":{"start":{"line":7,"column":77},"end":{"line":25,"column":1}}}},"branchMap":{"0":{"loc":{"start":{"line":13,"column":8},"end":{"line":20,"column":9}},"type":"if","locations":[{"start":{"line":13,"column":8},"end":{"line":20,"column":9}},{"start":{"line":15,"column":15},"end":{"line":20,"column":9}}]}},"s":{"0":4,"1":24,"2":24,"3":24,"4":24,"5":15,"6":9,"7":0,"8":4},"f":{"0":24,"1":24},"b":{"0":[15,9]}}
,"/Users/soleil00/Desktop/my-brand-backend/server/middlewares/blogValidation.ts": {"path":"/Users/soleil00/Desktop/my-brand-backend/server/middlewares/blogValidation.ts","statementMap":{"0":{"start":{"line":2,"column":0},"end":{"line":2,"column":22}},"1":{"start":{"line":5,"column":19},"end":{"line":8,"column":2}},"2":{"start":{"line":11,"column":4},"end":{"line":19,"column":5}},"3":{"start":{"line":12,"column":8},"end":{"line":12,"column":null}},"4":{"start":{"line":13,"column":8},"end":{"line":13,"column":null}},"5":{"start":{"line":15,"column":8},"end":{"line":18,"column":null}},"6":{"start":{"line":10,"column":0},"end":{"line":10,"column":22}},"7":{"start":{"line":23,"column":25},"end":{"line":26,"column":2}},"8":{"start":{"line":30,"column":4},"end":{"line":38,"column":5}},"9":{"start":{"line":31,"column":8},"end":{"line":31,"column":null}},"10":{"start":{"line":32,"column":8},"end":{"line":32,"column":null}},"11":{"start":{"line":34,"column":8},"end":{"line":37,"column":null}},"12":{"start":{"line":29,"column":0},"end":{"line":29,"column":22}}},"fnMap":{"0":{"name":"validateBlog","decl":{"start":{"line":10,"column":22},"end":{"line":10,"column":34}},"loc":{"start":{"line":10,"column":82},"end":{"line":20,"column":null}}},"1":{"name":"validateUpdateBlog","decl":{"start":{"line":29,"column":22},"end":{"line":29,"column":40}},"loc":{"start":{"line":29,"column":88},"end":{"line":39,"column":null}}}},"branchMap":{},"s":{"0":4,"1":4,"2":3,"3":3,"4":2,"5":1,"6":4,"7":4,"8":1,"9":1,"10":1,"11":0,"12":4},"f":{"0":3,"1":1},"b":{}}
,"/Users/soleil00/Desktop/my-brand-backend/server/middlewares/commentValidation.ts": {"path":"/Users/soleil00/Desktop/my-brand-backend/server/middlewares/commentValidation.ts","statementMap":{"0":{"start":{"line":2,"column":0},"end":{"line":2,"column":22}},"1":{"start":{"line":7,"column":22},"end":{"line":9,"column":2}},"2":{"start":{"line":13,"column":4},"end":{"line":23,"column":5}},"3":{"start":{"line":14,"column":8},"end":{"line":14,"column":null}},"4":{"start":{"line":16,"column":8},"end":{"line":16,"column":null}},"5":{"start":{"line":18,"column":8},"end":{"line":22,"column":null}},"6":{"start":{"line":12,"column":0},"end":{"line":12,"column":22}}},"fnMap":{"0":{"name":"validateComment","decl":{"start":{"line":12,"column":22},"end":{"line":12,"column":37}},"loc":{"start":{"line":12,"column":85},"end":{"line":24,"column":null}}}},"branchMap":{},"s":{"0":4,"1":4,"2":1,"3":1,"4":1,"5":0,"6":4},"f":{"0":1},"b":{}}
,"/Users/soleil00/Desktop/my-brand-backend/server/middlewares/idValidation.ts": {"path":"/Users/soleil00/Desktop/my-brand-backend/server/middlewares/idValidation.ts","statementMap":{"0":{"start":{"line":4,"column":25},"end":{"line":15,"column":1}},"1":{"start":{"line":5,"column":18},"end":{"line":5,"column":57}},"2":{"start":{"line":7,"column":4},"end":{"line":14,"column":5}},"3":{"start":{"line":8,"column":8},"end":{"line":8,"column":15}},"4":{"start":{"line":10,"column":8},"end":{"line":13,"column":null}},"5":{"start":{"line":4,"column":13},"end":{"line":4,"column":25}}},"fnMap":{"0":{"name":"(anonymous_0)","decl":{"start":{"line":4,"column":25},"end":{"line":4,"column":26}},"loc":{"start":{"line":4,"column":71},"end":{"line":15,"column":1}}}},"branchMap":{"0":{"loc":{"start":{"line":7,"column":4},"end":{"line":14,"column":5}},"type":"if","locations":[{"start":{"line":7,"column":4},"end":{"line":14,"column":5}},{"start":{"line":9,"column":11},"end":{"line":14,"column":5}}]}},"s":{"0":4,"1":17,"2":17,"3":14,"4":3,"5":4},"f":{"0":17},"b":{"0":[14,3]}}
,"/Users/soleil00/Desktop/my-brand-backend/server/middlewares/isAuthenticated.ts": {"path":"/Users/soleil00/Desktop/my-brand-backend/server/middlewares/isAuthenticated.ts","statementMap":{"0":{"start":{"line":3,"column":0},"end":{"line":3,"column":62}},"1":{"start":{"line":8,"column":31},"end":{"line":23,"column":2}},"2":{"start":{"line":8,"column":85},"end":{"line":23,"column":2}},"3":{"start":{"line":9,"column":18},"end":{"line":9,"column":58}},"4":{"start":{"line":10,"column":4},"end":{"line":12,"column":5}},"5":{"start":{"line":11,"column":8},"end":{"line":11,"column":82}},"6":{"start":{"line":13,"column":4},"end":{"line":22,"column":5}},"7":{"start":{"line":14,"column":21},"end":{"line":14,"column":61}},"8":{"start":{"line":15,"column":8},"end":{"line":17,"column":9}},"9":{"start":{"line":16,"column":12},"end":{"line":16,"column":86}},"10":{"start":{"line":18,"column":8},"end":{"line":18,"column":31}},"11":{"start":{"line":19,"column":8},"end":{"line":19,"column":15}},"12":{"start":{"line":21,"column":8},"end":{"line":21,"column":62}},"13":{"start":{"line":8,"column":13},"end":{"line":8,"column":31}}},"fnMap":{"0":{"name":"(anonymous_13)","decl":{"start":{"line":8,"column":31},"end":{"line":8,"column":38}},"loc":{"start":{"line":8,"column":85},"end":{"line":23,"column":2}}},"1":{"name":"(anonymous_14)","decl":{"start":{"line":8,"column":85},"end":{"line":8,"column":null}},"loc":{"start":{"line":8,"column":85},"end":{"line":23,"column":1}}}},"branchMap":{"0":{"loc":{"start":{"line":9,"column":18},"end":{"line":9,"column":58}},"type":"cond-expr","locations":[{"start":{"line":9,"column":43},"end":{"line":9,"column":45}},{"start":{"line":9,"column":43},"end":{"line":9,"column":58}}]},"1":{"loc":{"start":{"line":9,"column":18},"end":{"line":9,"column":45}},"type":"binary-expr","locations":[{"start":{"line":9,"column":18},"end":{"line":9,"column":45}},{"start":{"line":9,"column":43},"end":{"line":9,"column":45}}]},"2":{"loc":{"start":{"line":10,"column":4},"end":{"line":12,"column":5}},"type":"if","locations":[{"start":{"line":10,"column":4},"end":{"line":12,"column":5}}]},"3":{"loc":{"start":{"line":15,"column":8},"end":{"line":17,"column":9}},"type":"if","locations":[{"start":{"line":15,"column":8},"end":{"line":17,"column":9}}]}},"s":{"0":4,"1":4,"2":32,"3":32,"4":32,"5":5,"6":27,"7":27,"8":27,"9":0,"10":27,"11":27,"12":0,"13":4},"f":{"0":32,"1":32},"b":{"0":[5,27],"1":[32,32],"2":[5],"3":[0]}}
,"/Users/soleil00/Desktop/my-brand-backend/server/middlewares/messageValidation.ts": {"path":"/Users/soleil00/Desktop/my-brand-backend/server/middlewares/messageValidation.ts","statementMap":{"0":{"start":{"line":2,"column":0},"end":{"line":2,"column":22}},"1":{"start":{"line":5,"column":22},"end":{"line":11,"column":2}},"2":{"start":{"line":15,"column":4},"end":{"line":24,"column":5}},"3":{"start":{"line":16,"column":8},"end":{"line":16,"column":null}},"4":{"start":{"line":17,"column":8},"end":{"line":17,"column":null}},"5":{"start":{"line":19,"column":9},"end":{"line":23,"column":null}},"6":{"start":{"line":14,"column":0},"end":{"line":14,"column":22}}},"fnMap":{"0":{"name":"validateMessage","decl":{"start":{"line":14,"column":22},"end":{"line":14,"column":37}},"loc":{"start":{"line":14,"column":85},"end":{"line":25,"column":null}}}},"branchMap":{},"s":{"0":4,"1":4,"2":3,"3":3,"4":3,"5":0,"6":4},"f":{"0":3},"b":{}}
,"/Users/soleil00/Desktop/my-brand-backend/server/middlewares/userValidation.ts": {"path":"/Users/soleil00/Desktop/my-brand-backend/server/middlewares/userValidation.ts","statementMap":{"0":{"start":{"line":2,"column":0},"end":{"line":2,"column":22}},"1":{"start":{"line":4,"column":19},"end":{"line":9,"column":2}},"2":{"start":{"line":13,"column":4},"end":{"line":22,"column":5}},"3":{"start":{"line":14,"column":8},"end":{"line":14,"column":null}},"4":{"start":{"line":15,"column":8},"end":{"line":15,"column":null}},"5":{"start":{"line":17,"column":8},"end":{"line":21,"column":null}},"6":{"start":{"line":12,"column":0},"end":{"line":12,"column":22}},"7":{"start":{"line":25,"column":24},"end":{"line":28,"column":2}},"8":{"start":{"line":32,"column":4},"end":{"line":41,"column":5}},"9":{"start":{"line":33,"column":8},"end":{"line":33,"column":null}},"10":{"start":{"line":34,"column":8},"end":{"line":34,"column":null}},"11":{"start":{"line":36,"column":8},"end":{"line":40,"column":null}},"12":{"start":{"line":31,"column":0},"end":{"line":31,"column":22}}},"fnMap":{"0":{"name":"validateSignUpuser","decl":{"start":{"line":12,"column":22},"end":{"line":12,"column":40}},"loc":{"start":{"line":12,"column":88},"end":{"line":23,"column":null}}},"1":{"name":"validateLoginUser","decl":{"start":{"line":31,"column":22},"end":{"line":31,"column":39}},"loc":{"start":{"line":31,"column":87},"end":{"line":42,"column":null}}}},"branchMap":{},"s":{"0":4,"1":4,"2":11,"3":11,"4":10,"5":1,"6":4,"7":4,"8":3,"9":3,"10":3,"11":0,"12":4},"f":{"0":11,"1":3},"b":{}}
,"/Users/soleil00/Desktop/my-brand-backend/server/model/blogModel.ts": {"path":"/Users/soleil00/Desktop/my-brand-backend/server/model/blogModel.ts","statementMap":{"0":{"start":{"line":2,"column":0},"end":{"line":2,"column":32}},"1":{"start":{"line":15,"column":19},"end":{"line":30,"column":2}},"2":{"start":{"line":37,"column":13},"end":{"line":37,"column":61}},"3":{"start":{"line":39,"column":0},"end":{"line":39,"column":20}}},"fnMap":{},"branchMap":{},"s":{"0":4,"1":4,"2":4,"3":4},"f":{},"b":{}}
,"/Users/soleil00/Desktop/my-brand-backend/server/model/commentModel.ts": {"path":"/Users/soleil00/Desktop/my-brand-backend/server/model/commentModel.ts","statementMap":{"0":{"start":{"line":1,"column":0},"end":{"line":1,"column":32}},"1":{"start":{"line":8,"column":22},"end":{"line":17,"column":2}},"2":{"start":{"line":24,"column":16},"end":{"line":24,"column":73}},"3":{"start":{"line":26,"column":0},"end":{"line":26,"column":null}}},"fnMap":{},"branchMap":{},"s":{"0":4,"1":4,"2":4,"3":4},"f":{},"b":{}}
,"/Users/soleil00/Desktop/my-brand-backend/server/model/messageModel.ts": {"path":"/Users/soleil00/Desktop/my-brand-backend/server/model/messageModel.ts","statementMap":{"0":{"start":{"line":2,"column":0},"end":{"line":2,"column":46}},"1":{"start":{"line":4,"column":22},"end":{"line":27,"column":2}},"2":{"start":{"line":42,"column":16},"end":{"line":42,"column":73}},"3":{"start":{"line":44,"column":0},"end":{"line":44,"column":23}}},"fnMap":{},"branchMap":{},"s":{"0":4,"1":4,"2":4,"3":4},"f":{},"b":{}}
,"/Users/soleil00/Desktop/my-brand-backend/server/model/subscribersModel.ts": {"path":"/Users/soleil00/Desktop/my-brand-backend/server/model/subscribersModel.ts","statementMap":{"0":{"start":{"line":2,"column":0},"end":{"line":2,"column":32}},"1":{"start":{"line":4,"column":25},"end":{"line":9,"column":2}},"2":{"start":{"line":21,"column":19},"end":{"line":21,"column":86}},"3":{"start":{"line":23,"column":0},"end":{"line":23,"column":26}}},"fnMap":{},"branchMap":{},"s":{"0":4,"1":4,"2":4,"3":4},"f":{},"b":{}}
,"/Users/soleil00/Desktop/my-brand-backend/server/model/userMode.ts": {"path":"/Users/soleil00/Desktop/my-brand-backend/server/model/userMode.ts","statementMap":{"0":{"start":{"line":2,"column":0},"end":{"line":2,"column":32}},"1":{"start":{"line":18,"column":19},"end":{"line":42,"column":2}},"2":{"start":{"line":44,"column":13},"end":{"line":44,"column":61}},"3":{"start":{"line":46,"column":0},"end":{"line":46,"column":20}}},"fnMap":{},"branchMap":{},"s":{"0":4,"1":4,"2":4,"3":4},"f":{},"b":{}}
,"/Users/soleil00/Desktop/my-brand-backend/server/routes/blogRoutes.ts": {"path":"/Users/soleil00/Desktop/my-brand-backend/server/routes/blogRoutes.ts","statementMap":{"0":{"start":{"line":3,"column":0},"end":{"line":3,"column":42}},"1":{"start":{"line":4,"column":0},"end":{"line":4,"column":154}},"2":{"start":{"line":5,"column":0},"end":{"line":5,"column":55}},"3":{"start":{"line":6,"column":0},"end":{"line":6,"column":65}},"4":{"start":{"line":7,"column":0},"end":{"line":7,"column":56}},"5":{"start":{"line":8,"column":0},"end":{"line":8,"column":57}},"6":{"start":{"line":9,"column":0},"end":{"line":9,"column":81}},"7":{"start":{"line":10,"column":0},"end":{"line":10,"column":67}},"8":{"start":{"line":11,"column":0},"end":{"line":11,"column":57}},"9":{"start":{"line":14,"column":27},"end":{"line":14,"column":43}},"10":{"start":{"line":17,"column":0},"end":{"line":17,"column":null}},"11":{"start":{"line":18,"column":0},"end":{"line":18,"column":null}},"12":{"start":{"line":19,"column":0},"end":{"line":19,"column":null}},"13":{"start":{"line":20,"column":0},"end":{"line":20,"column":null}},"14":{"start":{"line":23,"column":0},"end":{"line":23,"column":null}},"15":{"start":{"line":24,"column":0},"end":{"line":24,"column":null}},"16":{"start":{"line":25,"column":0},"end":{"line":25,"column":null}},"17":{"start":{"line":26,"column":0},"end":{"line":26,"column":null}},"18":{"start":{"line":30,"column":0},"end":{"line":30,"column":26}}},"fnMap":{},"branchMap":{},"s":{"0":4,"1":4,"2":4,"3":4,"4":4,"5":4,"6":4,"7":4,"8":4,"9":4,"10":4,"11":4,"12":4,"13":4,"14":4,"15":4,"16":4,"17":4,"18":4},"f":{},"b":{}}
,"/Users/soleil00/Desktop/my-brand-backend/server/routes/index.ts": {"path":"/Users/soleil00/Desktop/my-brand-backend/server/routes/index.ts","statementMap":{"0":{"start":{"line":2,"column":0},"end":{"line":2,"column":42}},"1":{"start":{"line":3,"column":0},"end":{"line":3,"column":38}},"2":{"start":{"line":4,"column":0},"end":{"line":4,"column":38}},"3":{"start":{"line":5,"column":0},"end":{"line":5,"column":43}},"4":{"start":{"line":6,"column":0},"end":{"line":6,"column":51}},"5":{"start":{"line":8,"column":26},"end":{"line":8,"column":42}},"6":{"start":{"line":10,"column":0},"end":{"line":10,"column":null}},"7":{"start":{"line":11,"column":0},"end":{"line":11,"column":null}},"8":{"start":{"line":12,"column":0},"end":{"line":12,"column":null}},"9":{"start":{"line":13,"column":0},"end":{"line":13,"column":null}},"10":{"start":{"line":16,"column":0},"end":{"line":16,"column":25}}},"fnMap":{},"branchMap":{},"s":{"0":4,"1":4,"2":4,"3":4,"4":4,"5":4,"6":4,"7":4,"8":4,"9":4,"10":4},"f":{},"b":{}}
,"/Users/soleil00/Desktop/my-brand-backend/server/routes/messageRoutes.ts": {"path":"/Users/soleil00/Desktop/my-brand-backend/server/routes/messageRoutes.ts","statementMap":{"0":{"start":{"line":2,"column":0},"end":{"line":2,"column":42}},"1":{"start":{"line":3,"column":0},"end":{"line":3,"column":99}},"2":{"start":{"line":4,"column":0},"end":{"line":4,"column":65}},"3":{"start":{"line":5,"column":0},"end":{"line":5,"column":57}},"4":{"start":{"line":6,"column":0},"end":{"line":6,"column":56}},"5":{"start":{"line":7,"column":0},"end":{"line":7,"column":67}},"6":{"start":{"line":10,"column":29},"end":{"line":10,"column":45}},"7":{"start":{"line":12,"column":0},"end":{"line":12,"column":null}},"8":{"start":{"line":13,"column":0},"end":{"line":13,"column":null}},"9":{"start":{"line":14,"column":0},"end":{"line":14,"column":null}},"10":{"start":{"line":17,"column":0},"end":{"line":17,"column":28}}},"fnMap":{},"branchMap":{},"s":{"0":4,"1":4,"2":4,"3":4,"4":4,"5":4,"6":4,"7":4,"8":4,"9":4,"10":4},"f":{},"b":{}}
,"/Users/soleil00/Desktop/my-brand-backend/server/routes/subscribersRoutes.ts": {"path":"/Users/soleil00/Desktop/my-brand-backend/server/routes/subscribersRoutes.ts","statementMap":{"0":{"start":{"line":2,"column":0},"end":{"line":2,"column":42}},"1":{"start":{"line":3,"column":0},"end":{"line":3,"column":85}},"2":{"start":{"line":4,"column":0},"end":{"line":4,"column":56}},"3":{"start":{"line":5,"column":0},"end":{"line":5,"column":65}},"4":{"start":{"line":6,"column":0},"end":{"line":6,"column":57}},"5":{"start":{"line":9,"column":33},"end":{"line":9,"column":49}},"6":{"start":{"line":11,"column":0},"end":{"line":11,"column":69}},"7":{"start":{"line":12,"column":0},"end":{"line":12,"column":null}},"8":{"start":{"line":16,"column":0},"end":{"line":16,"column":32}}},"fnMap":{},"branchMap":{},"s":{"0":4,"1":4,"2":4,"3":4,"4":4,"5":4,"6":4,"7":4,"8":4},"f":{},"b":{}}
,"/Users/soleil00/Desktop/my-brand-backend/server/routes/userRoutes.ts": {"path":"/Users/soleil00/Desktop/my-brand-backend/server/routes/userRoutes.ts","statementMap":{"0":{"start":{"line":1,"column":0},"end":{"line":1,"column":42}},"1":{"start":{"line":2,"column":0},"end":{"line":2,"column":124}},"2":{"start":{"line":3,"column":0},"end":{"line":3,"column":65}},"3":{"start":{"line":4,"column":0},"end":{"line":4,"column":57}},"4":{"start":{"line":5,"column":0},"end":{"line":5,"column":86}},"5":{"start":{"line":10,"column":27},"end":{"line":10,"column":43}},"6":{"start":{"line":12,"column":0},"end":{"line":12,"column":null}},"7":{"start":{"line":14,"column":0},"end":{"line":14,"column":null}},"8":{"start":{"line":15,"column":0},"end":{"line":15,"column":null}},"9":{"start":{"line":16,"column":0},"end":{"line":16,"column":null}},"10":{"start":{"line":17,"column":0},"end":{"line":17,"column":null}},"11":{"start":{"line":18,"column":0},"end":{"line":18,"column":null}},"12":{"start":{"line":21,"column":0},"end":{"line":21,"column":null}}},"fnMap":{},"branchMap":{},"s":{"0":4,"1":4,"2":4,"3":4,"4":4,"5":4,"6":4,"7":4,"8":4,"9":4,"10":4,"11":4,"12":4},"f":{},"b":{}}
,"/Users/soleil00/Desktop/my-brand-backend/server/services/blogServices.ts": {"path":"/Users/soleil00/Desktop/my-brand-backend/server/services/blogServices.ts","statementMap":{"0":{"start":{"line":2,"column":0},"end":{"line":2,"column":56}},"1":{"start":{"line":4,"column":0},"end":{"line":4,"column":46}},"2":{"start":{"line":9,"column":29},"end":{"line":16,"column":null}},"3":{"start":{"line":9,"column":40},"end":{"line":16,"column":null}},"4":{"start":{"line":10,"column":4},"end":{"line":15,"column":5}},"5":{"start":{"line":11,"column":22},"end":{"line":11,"column":60}},"6":{"start":{"line":12,"column":8},"end":{"line":12,"column":21}},"7":{"start":{"line":9,"column":13},"end":{"line":9,"column":29}},"8":{"start":{"line":18,"column":29},"end":{"line":25,"column":null}},"9":{"start":{"line":18,"column":40},"end":{"line":25,"column":null}},"10":{"start":{"line":19,"column":4},"end":{"line":24,"column":5}},"11":{"start":{"line":20,"column":27},"end":{"line":20,"column":54}},"12":{"start":{"line":21,"column":8},"end":{"line":21,"column":26}},"13":{"start":{"line":23,"column":8},"end":{"line":23,"column":78}},"14":{"start":{"line":18,"column":13},"end":{"line":18,"column":29}},"15":{"start":{"line":29,"column":26},"end":{"line":54,"column":2}},"16":{"start":{"line":29,"column":45},"end":{"line":54,"column":2}},"17":{"start":{"line":31,"column":39},"end":{"line":31,"column":54}},"18":{"start":{"line":33,"column":4},"end":{"line":53,"column":5}},"19":{"start":{"line":36,"column":8},"end":{"line":46,"column":9}},"20":{"start":{"line":37,"column":27},"end":{"line":37,"column":74}},"21":{"start":{"line":38,"column":12},"end":{"line":41,"column":15}},"22":{"start":{"line":43,"column":12},"end":{"line":45,"column":15}},"23":{"start":{"line":48,"column":8},"end":{"line":48,"column":20}},"24":{"start":{"line":51,"column":8},"end":{"line":51,"column":61}},"25":{"start":{"line":52,"column":8},"end":{"line":52,"column":20}},"26":{"start":{"line":29,"column":13},"end":{"line":29,"column":26}},"27":{"start":{"line":56,"column":26},"end":{"line":87,"column":2}},"28":{"start":{"line":56,"column":45},"end":{"line":87,"column":2}},"29":{"start":{"line":58,"column":39},"end":{"line":58,"column":54}},"30":{"start":{"line":59,"column":4},"end":{"line":86,"column":5}},"31":{"start":{"line":60,"column":23},"end":{"line":60,"column":33}},"32":{"start":{"line":64,"column":8},"end":{"line":77,"column":9}},"33":{"start":{"line":65,"column":27},"end":{"line":65,"column":76}},"34":{"start":{"line":66,"column":12},"end":{"line":70,"column":null}},"35":{"start":{"line":72,"column":13},"end":{"line":76,"column":null}},"36":{"start":{"line":79,"column":8},"end":{"line":81,"column":9}},"37":{"start":{"line":80,"column":12},"end":{"line":80,"column":46}},"38":{"start":{"line":83,"column":8},"end":{"line":83,"column":27}},"39":{"start":{"line":85,"column":8},"end":{"line":85,"column":65}},"40":{"start":{"line":56,"column":13},"end":{"line":56,"column":26}},"41":{"start":{"line":89,"column":30},"end":{"line":102,"column":null}},"42":{"start":{"line":89,"column":51},"end":{"line":102,"column":null}},"43":{"start":{"line":92,"column":4},"end":{"line":101,"column":5}},"44":{"start":{"line":94,"column":21},"end":{"line":94,"column":53}},"45":{"start":{"line":95,"column":8},"end":{"line":97,"column":9}},"46":{"start":{"line":96,"column":12},"end":{"line":96,"column":46}},"47":{"start":{"line":98,"column":8},"end":{"line":98,"column":20}},"48":{"start":{"line":100,"column":8},"end":{"line":100,"column":44}},"49":{"start":{"line":89,"column":13},"end":{"line":89,"column":30}},"50":{"start":{"line":104,"column":27},"end":{"line":117,"column":null}},"51":{"start":{"line":104,"column":48},"end":{"line":117,"column":null}},"52":{"start":{"line":105,"column":4},"end":{"line":116,"column":5}},"53":{"start":{"line":108,"column":21},"end":{"line":108,"column":65}},"54":{"start":{"line":110,"column":8},"end":{"line":112,"column":9}},"55":{"start":{"line":111,"column":12},"end":{"line":111,"column":46}},"56":{"start":{"line":113,"column":8},"end":{"line":113,"column":20}},"57":{"start":{"line":115,"column":8},"end":{"line":115,"column":45}},"58":{"start":{"line":104,"column":13},"end":{"line":104,"column":27}},"59":{"start":{"line":119,"column":30},"end":{"line":130,"column":null}},"60":{"start":{"line":119,"column":40},"end":{"line":130,"column":null}},"61":{"start":{"line":120,"column":4},"end":{"line":129,"column":5}},"62":{"start":{"line":121,"column":22},"end":{"line":121,"column":45}},"63":{"start":{"line":122,"column":23},"end":{"line":122,"column":41}},"64":{"start":{"line":123,"column":8},"end":{"line":126,"column":null}},"65":{"start":{"line":128,"column":8},"end":{"line":128,"column":44}},"66":{"start":{"line":119,"column":13},"end":{"line":119,"column":30}}},"fnMap":{"0":{"name":"(anonymous_8)","decl":{"start":{"line":9,"column":29},"end":{"line":9,"column":38}},"loc":{"start":{"line":9,"column":40},"end":{"line":16,"column":null}}},"1":{"name":"(anonymous_9)","decl":{"start":{"line":9,"column":40},"end":{"line":9,"column":null}},"loc":{"start":{"line":9,"column":40},"end":{"line":16,"column":1}}},"2":{"name":"(anonymous_10)","decl":{"start":{"line":18,"column":29},"end":{"line":18,"column":38}},"loc":{"start":{"line":18,"column":40},"end":{"line":25,"column":null}}},"3":{"name":"(anonymous_11)","decl":{"start":{"line":18,"column":40},"end":{"line":18,"column":null}},"loc":{"start":{"line":18,"column":40},"end":{"line":25,"column":1}}},"4":{"name":"(anonymous_12)","decl":{"start":{"line":29,"column":26},"end":{"line":29,"column":33}},"loc":{"start":{"line":29,"column":45},"end":{"line":54,"column":2}}},"5":{"name":"(anonymous_13)","decl":{"start":{"line":29,"column":45},"end":{"line":29,"column":null}},"loc":{"start":{"line":29,"column":45},"end":{"line":54,"column":1}}},"6":{"name":"(anonymous_14)","decl":{"start":{"line":56,"column":26},"end":{"line":56,"column":33}},"loc":{"start":{"line":56,"column":45},"end":{"line":87,"column":2}}},"7":{"name":"(anonymous_15)","decl":{"start":{"line":56,"column":45},"end":{"line":56,"column":null}},"loc":{"start":{"line":56,"column":45},"end":{"line":87,"column":1}}},"8":{"name":"(anonymous_16)","decl":{"start":{"line":89,"column":30},"end":{"line":89,"column":37}},"loc":{"start":{"line":89,"column":51},"end":{"line":102,"column":null}}},"9":{"name":"(anonymous_17)","decl":{"start":{"line":89,"column":51},"end":{"line":89,"column":null}},"loc":{"start":{"line":89,"column":51},"end":{"line":102,"column":1}}},"10":{"name":"(anonymous_18)","decl":{"start":{"line":104,"column":27},"end":{"line":104,"column":34}},"loc":{"start":{"line":104,"column":48},"end":{"line":117,"column":null}}},"11":{"name":"(anonymous_19)","decl":{"start":{"line":104,"column":48},"end":{"line":104,"column":null}},"loc":{"start":{"line":104,"column":48},"end":{"line":117,"column":1}}},"12":{"name":"(anonymous_20)","decl":{"start":{"line":119,"column":30},"end":{"line":119,"column":38}},"loc":{"start":{"line":119,"column":40},"end":{"line":130,"column":null}}},"13":{"name":"(anonymous_21)","decl":{"start":{"line":119,"column":40},"end":{"line":119,"column":null}},"loc":{"start":{"line":119,"column":40},"end":{"line":130,"column":1}}}},"branchMap":{"0":{"loc":{"start":{"line":36,"column":8},"end":{"line":46,"column":9}},"type":"if","locations":[{"start":{"line":36,"column":8},"end":{"line":46,"column":9}},{"start":{"line":42,"column":15},"end":{"line":46,"column":9}}]},"1":{"loc":{"start":{"line":64,"column":8},"end":{"line":77,"column":9}},"type":"if","locations":[{"start":{"line":64,"column":8},"end":{"line":77,"column":9}},{"start":{"line":71,"column":15},"end":{"line":77,"column":9}}]},"2":{"loc":{"start":{"line":65,"column":60},"end":{"line":65,"column":75}},"type":"cond-expr","locations":[{"start":{"line":65,"column":69},"end":{"line":65,"column":71}},{"start":{"line":65,"column":69},"end":{"line":65,"column":75}}]},"3":{"loc":{"start":{"line":65,"column":60},"end":{"line":65,"column":71}},"type":"binary-expr","locations":[{"start":{"line":65,"column":60},"end":{"line":65,"column":71}},{"start":{"line":65,"column":69},"end":{"line":65,"column":71}}]},"4":{"loc":{"start":{"line":65,"column":60},"end":{"line":65,"column":69}},"type":"cond-expr","locations":[{"start":{"line":65,"column":63},"end":{"line":65,"column":65}},{"start":{"line":65,"column":60},"end":{"line":65,"column":69}}]},"5":{"loc":{"start":{"line":65,"column":60},"end":{"line":65,"column":65}},"type":"binary-expr","locations":[{"start":{"line":65,"column":60},"end":{"line":65,"column":65}},{"start":{"line":65,"column":60},"end":{"line":65,"column":65}}]},"6":{"loc":{"start":{"line":79,"column":8},"end":{"line":81,"column":9}},"type":"if","locations":[{"start":{"line":79,"column":8},"end":{"line":81,"column":9}}]},"7":{"loc":{"start":{"line":95,"column":8},"end":{"line":97,"column":9}},"type":"if","locations":[{"start":{"line":95,"column":8},"end":{"line":97,"column":9}}]},"8":{"loc":{"start":{"line":110,"column":8},"end":{"line":112,"column":9}},"type":"if","locations":[{"start":{"line":110,"column":8},"end":{"line":112,"column":9}}]}},"s":{"0":4,"1":4,"2":4,"3":1,"4":1,"5":1,"6":1,"7":4,"8":4,"9":1,"10":1,"11":1,"12":1,"13":0,"14":4,"15":4,"16":2,"17":2,"18":2,"19":2,"20":0,"21":0,"22":2,"23":2,"24":0,"25":0,"26":4,"27":4,"28":1,"29":1,"30":1,"31":1,"32":1,"33":0,"34":0,"35":1,"36":1,"37":0,"38":1,"39":0,"40":4,"41":4,"42":1,"43":1,"44":1,"45":1,"46":0,"47":1,"48":0,"49":4,"50":4,"51":2,"52":2,"53":2,"54":2,"55":1,"56":1,"57":1,"58":4,"59":4,"60":1,"61":1,"62":1,"63":1,"64":1,"65":0,"66":4},"f":{"0":1,"1":1,"2":1,"3":1,"4":2,"5":2,"6":1,"7":1,"8":1,"9":1,"10":2,"11":2,"12":1,"13":1},"b":{"0":[0,2],"1":[0,1],"2":[0,0],"3":[0,0],"4":[0,0],"5":[0,0],"6":[0],"7":[0],"8":[1]}}
,"/Users/soleil00/Desktop/my-brand-backend/server/services/cloudinary.service.ts": {"path":"/Users/soleil00/Desktop/my-brand-backend/server/services/cloudinary.service.ts","statementMap":{"0":{"start":{"line":1,"column":0},"end":{"line":1,"column":27}},"1":{"start":{"line":3,"column":0},"end":{"line":3,"column":null}},"2":{"start":{"line":5,"column":19},"end":{"line":5,"column":43}},"3":{"start":{"line":7,"column":0},"end":{"line":11,"column":3}},"4":{"start":{"line":13,"column":0},"end":{"line":13,"column":26}}},"fnMap":{},"branchMap":{},"s":{"0":4,"1":4,"2":4,"3":4,"4":4},"f":{},"b":{}}
,"/Users/soleil00/Desktop/my-brand-backend/server/services/comment.service.ts": {"path":"/Users/soleil00/Desktop/my-brand-backend/server/services/comment.service.ts","statementMap":{"0":{"start":{"line":2,"column":0},"end":{"line":2,"column":56}},"1":{"start":{"line":3,"column":0},"end":{"line":3,"column":44}},"2":{"start":{"line":6,"column":32},"end":{"line":32,"column":null}},"3":{"start":{"line":6,"column":51},"end":{"line":32,"column":null}},"4":{"start":{"line":8,"column":39},"end":{"line":8,"column":54}},"5":{"start":{"line":10,"column":17},"end":{"line":10,"column":27}},"6":{"start":{"line":12,"column":4},"end":{"line":31,"column":5}},"7":{"start":{"line":14,"column":24},"end":{"line":18,"column":10}},"8":{"start":{"line":19,"column":42},"end":{"line":19,"column":97}},"9":{"start":{"line":21,"column":8},"end":{"line":21,"column":37}},"10":{"start":{"line":23,"column":8},"end":{"line":23,"column":27}},"11":{"start":{"line":25,"column":8},"end":{"line":27,"column":9}},"12":{"start":{"line":26,"column":12},"end":{"line":26,"column":46}},"13":{"start":{"line":28,"column":8},"end":{"line":28,"column":20}},"14":{"start":{"line":30,"column":8},"end":{"line":30,"column":44}},"15":{"start":{"line":6,"column":13},"end":{"line":6,"column":32}}},"fnMap":{"0":{"name":"(anonymous_8)","decl":{"start":{"line":6,"column":32},"end":{"line":6,"column":39}},"loc":{"start":{"line":6,"column":51},"end":{"line":32,"column":null}}},"1":{"name":"(anonymous_9)","decl":{"start":{"line":6,"column":51},"end":{"line":6,"column":null}},"loc":{"start":{"line":6,"column":51},"end":{"line":32,"column":1}}}},"branchMap":{"0":{"loc":{"start":{"line":21,"column":8},"end":{"line":21,"column":36}},"type":"cond-expr","locations":[{"start":{"line":21,"column":12},"end":{"line":21,"column":14}},{"start":{"line":21,"column":8},"end":{"line":21,"column":36}}]},"1":{"loc":{"start":{"line":21,"column":8},"end":{"line":21,"column":14}},"type":"binary-expr","locations":[{"start":{"line":21,"column":8},"end":{"line":21,"column":14}},{"start":{"line":21,"column":8},"end":{"line":21,"column":14}}]},"2":{"loc":{"start":{"line":23,"column":14},"end":{"line":23,"column":26}},"type":"cond-expr","locations":[{"start":{"line":23,"column":18},"end":{"line":23,"column":20}},{"start":{"line":23,"column":14},"end":{"line":23,"column":26}}]},"3":{"loc":{"start":{"line":23,"column":14},"end":{"line":23,"column":20}},"type":"binary-expr","locations":[{"start":{"line":23,"column":14},"end":{"line":23,"column":20}},{"start":{"line":23,"column":14},"end":{"line":23,"column":20}}]},"4":{"loc":{"start":{"line":25,"column":8},"end":{"line":27,"column":9}},"type":"if","locations":[{"start":{"line":25,"column":8},"end":{"line":27,"column":9}}]}},"s":{"0":4,"1":4,"2":4,"3":1,"4":1,"5":1,"6":1,"7":1,"8":1,"9":1,"10":1,"11":1,"12":0,"13":1,"14":0,"15":4},"f":{"0":1,"1":1},"b":{"0":[0,1],"1":[1,1],"2":[0,1],"3":[1,1],"4":[0]}}
,"/Users/soleil00/Desktop/my-brand-backend/server/services/email.service.ts": {"path":"/Users/soleil00/Desktop/my-brand-backend/server/services/email.service.ts","statementMap":{"0":{"start":{"line":1,"column":0},"end":{"line":1,"column":36}},"1":{"start":{"line":4,"column":31},"end":{"line":73,"column":null}},"2":{"start":{"line":4,"column":73},"end":{"line":73,"column":null}},"3":{"start":{"line":6,"column":24},"end":{"line":14,"column":5}},"4":{"start":{"line":16,"column":25},"end":{"line":64,"column":null}},"5":{"start":{"line":66,"column":4},"end":{"line":71,"column":5}},"6":{"start":{"line":67,"column":21},"end":{"line":67,"column":60}},"7":{"start":{"line":4,"column":13},"end":{"line":4,"column":31}},"8":{"start":{"line":76,"column":0},"end":{"line":76,"column":31}}},"fnMap":{"0":{"name":"(anonymous_8)","decl":{"start":{"line":4,"column":31},"end":{"line":4,"column":38}},"loc":{"start":{"line":4,"column":73},"end":{"line":73,"column":null}}},"1":{"name":"(anonymous_9)","decl":{"start":{"line":4,"column":73},"end":{"line":4,"column":null}},"loc":{"start":{"line":4,"column":73},"end":{"line":73,"column":1}}}},"branchMap":{},"s":{"0":4,"1":4,"2":1,"3":1,"4":1,"5":1,"6":1,"7":4,"8":4},"f":{"0":1,"1":1},"b":{}}
,"/Users/soleil00/Desktop/my-brand-backend/server/services/jwtServices.service.ts": {"path":"/Users/soleil00/Desktop/my-brand-backend/server/services/jwtServices.service.ts","statementMap":{"0":{"start":{"line":1,"column":0},"end":{"line":1,"column":31}},"1":{"start":{"line":3,"column":0},"end":{"line":3,"column":37}},"2":{"start":{"line":4,"column":0},"end":{"line":4,"column":28}},"3":{"start":{"line":6,"column":0},"end":{"line":6,"column":16}},"4":{"start":{"line":8,"column":33},"end":{"line":18,"column":1}},"5":{"start":{"line":9,"column":4},"end":{"line":17,"column":5}},"6":{"start":{"line":10,"column":22},"end":{"line":12,"column":10}},"7":{"start":{"line":13,"column":8},"end":{"line":13,"column":21}},"8":{"start":{"line":15,"column":8},"end":{"line":15,"column":61}},"9":{"start":{"line":16,"column":8},"end":{"line":16,"column":57}},"10":{"start":{"line":8,"column":13},"end":{"line":8,"column":33}},"11":{"start":{"line":20,"column":31},"end":{"line":35,"column":2}},"12":{"start":{"line":20,"column":55},"end":{"line":35,"column":2}},"13":{"start":{"line":21,"column":4},"end":{"line":34,"column":5}},"14":{"start":{"line":22,"column":24},"end":{"line":22,"column":76}},"15":{"start":{"line":23,"column":8},"end":{"line":25,"column":9}},"16":{"start":{"line":24,"column":12},"end":{"line":24,"column":62}},"17":{"start":{"line":26,"column":31},"end":{"line":26,"column":66}},"18":{"start":{"line":27,"column":8},"end":{"line":29,"column":9}},"19":{"start":{"line":28,"column":12},"end":{"line":28,"column":46}},"20":{"start":{"line":30,"column":8},"end":{"line":30,"column":30}},"21":{"start":{"line":32,"column":8},"end":{"line":32,"column":59}},"22":{"start":{"line":33,"column":8},"end":{"line":33,"column":59}},"23":{"start":{"line":20,"column":13},"end":{"line":20,"column":31}}},"fnMap":{"0":{"name":"(anonymous_8)","decl":{"start":{"line":8,"column":33},"end":{"line":8,"column":34}},"loc":{"start":{"line":8,"column":47},"end":{"line":18,"column":1}}},"1":{"name":"(anonymous_9)","decl":{"start":{"line":20,"column":31},"end":{"line":20,"column":38}},"loc":{"start":{"line":20,"column":55},"end":{"line":35,"column":2}}},"2":{"name":"(anonymous_10)","decl":{"start":{"line":20,"column":55},"end":{"line":20,"column":null}},"loc":{"start":{"line":20,"column":55},"end":{"line":35,"column":1}}}},"branchMap":{"0":{"loc":{"start":{"line":23,"column":8},"end":{"line":25,"column":9}},"type":"if","locations":[{"start":{"line":23,"column":8},"end":{"line":25,"column":9}}]},"1":{"loc":{"start":{"line":27,"column":8},"end":{"line":29,"column":9}},"type":"if","locations":[{"start":{"line":27,"column":8},"end":{"line":29,"column":9}}]}},"s":{"0":4,"1":4,"2":4,"3":4,"4":4,"5":8,"6":8,"7":8,"8":0,"9":0,"10":4,"11":4,"12":27,"13":27,"14":27,"15":27,"16":0,"17":27,"18":27,"19":0,"20":27,"21":0,"22":0,"23":4},"f":{"0":8,"1":27,"2":27},"b":{"0":[0],"1":[0]}}
,"/Users/soleil00/Desktop/my-brand-backend/server/services/like.service.ts": {"path":"/Users/soleil00/Desktop/my-brand-backend/server/services/like.service.ts","statementMap":{"0":{"start":{"line":2,"column":0},"end":{"line":2,"column":56}},"1":{"start":{"line":5,"column":29},"end":{"line":53,"column":2}},"2":{"start":{"line":5,"column":63},"end":{"line":53,"column":2}},"3":{"start":{"line":6,"column":38},"end":{"line":6,"column":53}},"4":{"start":{"line":8,"column":4},"end":{"line":52,"column":5}},"5":{"start":{"line":9,"column":49},"end":{"line":9,"column":91}},"6":{"start":{"line":11,"column":8},"end":{"line":16,"column":9}},"7":{"start":{"line":12,"column":12},"end":{"line":15,"column":15}},"8":{"start":{"line":18,"column":25},"end":{"line":18,"column":86}},"9":{"start":{"line":18,"column":57},"end":{"line":18,"column":85}},"10":{"start":{"line":22,"column":8},"end":{"line":34,"column":9}},"11":{"start":{"line":23,"column":12},"end":{"line":27,"column":14}},"12":{"start":{"line":29,"column":12},"end":{"line":33,"column":14}},"13":{"start":{"line":36,"column":8},"end":{"line":41,"column":9}},"14":{"start":{"line":37,"column":12},"end":{"line":40,"column":15}},"15":{"start":{"line":43,"column":8},"end":{"line":46,"column":11}},"16":{"start":{"line":48,"column":8},"end":{"line":51,"column":11}},"17":{"start":{"line":5,"column":13},"end":{"line":5,"column":29}}},"fnMap":{"0":{"name":"(anonymous_8)","decl":{"start":{"line":5,"column":29},"end":{"line":5,"column":36}},"loc":{"start":{"line":5,"column":63},"end":{"line":53,"column":2}}},"1":{"name":"(anonymous_9)","decl":{"start":{"line":5,"column":63},"end":{"line":5,"column":null}},"loc":{"start":{"line":5,"column":63},"end":{"line":53,"column":1}}},"2":{"name":"(anonymous_10)","decl":{"start":{"line":18,"column":49},"end":{"line":18,"column":53}},"loc":{"start":{"line":18,"column":57},"end":{"line":18,"column":85}}}},"branchMap":{"0":{"loc":{"start":{"line":11,"column":8},"end":{"line":16,"column":9}},"type":"if","locations":[{"start":{"line":11,"column":8},"end":{"line":16,"column":9}}]},"1":{"loc":{"start":{"line":18,"column":25},"end":{"line":18,"column":86}},"type":"cond-expr","locations":[{"start":{"line":18,"column":36},"end":{"line":18,"column":38}},{"start":{"line":18,"column":25},"end":{"line":18,"column":86}}]},"2":{"loc":{"start":{"line":18,"column":25},"end":{"line":18,"column":38}},"type":"binary-expr","locations":[{"start":{"line":18,"column":25},"end":{"line":18,"column":38}},{"start":{"line":18,"column":25},"end":{"line":18,"column":38}}]},"3":{"loc":{"start":{"line":22,"column":8},"end":{"line":34,"column":9}},"type":"if","locations":[{"start":{"line":22,"column":8},"end":{"line":34,"column":9}},{"start":{"line":28,"column":15},"end":{"line":34,"column":9}}]},"4":{"loc":{"start":{"line":36,"column":8},"end":{"line":41,"column":9}},"type":"if","locations":[{"start":{"line":36,"column":8},"end":{"line":41,"column":9}}]}},"s":{"0":4,"1":4,"2":2,"3":2,"4":2,"5":2,"6":2,"7":1,"8":1,"9":0,"10":1,"11":0,"12":1,"13":1,"14":0,"15":1,"16":0,"17":4},"f":{"0":2,"1":2,"2":0},"b":{"0":[1],"1":[0,1],"2":[1,1],"3":[0,1],"4":[0]}}
,"/Users/soleil00/Desktop/my-brand-backend/server/services/message.service.ts": {"path":"/Users/soleil00/Desktop/my-brand-backend/server/services/message.service.ts","statementMap":{"0":{"start":{"line":2,"column":0},"end":{"line":2,"column":64}},"1":{"start":{"line":3,"column":0},"end":{"line":3,"column":50}},"2":{"start":{"line":4,"column":0},"end":{"line":4,"column":45}},"3":{"start":{"line":7,"column":27},"end":{"line":37,"column":null}},"4":{"start":{"line":7,"column":63},"end":{"line":37,"column":null}},"5":{"start":{"line":9,"column":4},"end":{"line":36,"column":5}},"6":{"start":{"line":10,"column":27},"end":{"line":11,"column":null}},"7":{"start":{"line":14,"column":8},"end":{"line":21,"column":9}},"8":{"start":{"line":15,"column":27},"end":{"line":18,"column":14}},"9":{"start":{"line":20,"column":12},"end":{"line":20,"column":null}},"10":{"start":{"line":23,"column":8},"end":{"line":27,"column":null}},"11":{"start":{"line":30,"column":8},"end":{"line":30,"column":null}},"12":{"start":{"line":32,"column":8},"end":{"line":35,"column":null}},"13":{"start":{"line":7,"column":13},"end":{"line":7,"column":27}},"14":{"start":{"line":39,"column":31},"end":{"line":46,"column":null}},"15":{"start":{"line":39,"column":42},"end":{"line":46,"column":null}},"16":{"start":{"line":40,"column":4},"end":{"line":45,"column":5}},"17":{"start":{"line":41,"column":36},"end":{"line":41,"column":66}},"18":{"start":{"line":42,"column":8},"end":{"line":42,"column":28}},"19":{"start":{"line":44,"column":8},"end":{"line":44,"column":null}},"20":{"start":{"line":39,"column":13},"end":{"line":39,"column":31}},"21":{"start":{"line":48,"column":30},"end":{"line":74,"column":null}},"22":{"start":{"line":48,"column":65},"end":{"line":74,"column":null}},"23":{"start":{"line":50,"column":4},"end":{"line":73,"column":5}},"24":{"start":{"line":51,"column":47},"end":{"line":51,"column":67}},"25":{"start":{"line":52,"column":22},"end":{"line":52,"column":40}},"26":{"start":{"line":54,"column":8},"end":{"line":66,"column":9}},"27":{"start":{"line":55,"column":12},"end":{"line":60,"column":15}},"28":{"start":{"line":62,"column":12},"end":{"line":65,"column":null}},"29":{"start":{"line":69,"column":8},"end":{"line":72,"column":null}},"30":{"start":{"line":48,"column":13},"end":{"line":48,"column":30}},"31":{"start":{"line":76,"column":30},"end":{"line":99,"column":null}},"32":{"start":{"line":76,"column":49},"end":{"line":99,"column":null}},"33":{"start":{"line":78,"column":17},"end":{"line":78,"column":27}},"34":{"start":{"line":80,"column":4},"end":{"line":97,"column":5}},"35":{"start":{"line":81,"column":30},"end":{"line":81,"column":56}},"36":{"start":{"line":83,"column":8},"end":{"line":92,"column":9}},"37":{"start":{"line":85,"column":12},"end":{"line":85,"column":null}},"38":{"start":{"line":89,"column":12},"end":{"line":89,"column":null}},"39":{"start":{"line":91,"column":12},"end":{"line":91,"column":18}},"40":{"start":{"line":95,"column":8},"end":{"line":95,"column":null}},"41":{"start":{"line":96,"column":8},"end":{"line":96,"column":14}},"42":{"start":{"line":76,"column":13},"end":{"line":76,"column":30}},"43":{"start":{"line":102,"column":29},"end":{"line":125,"column":null}},"44":{"start":{"line":102,"column":65},"end":{"line":125,"column":null}},"45":{"start":{"line":104,"column":4},"end":{"line":124,"column":5}},"46":{"start":{"line":105,"column":32},"end":{"line":105,"column":69}},"47":{"start":{"line":107,"column":8},"end":{"line":120,"column":9}},"48":{"start":{"line":109,"column":12},"end":{"line":109,"column":null}},"49":{"start":{"line":111,"column":12},"end":{"line":114,"column":null}},"50":{"start":{"line":116,"column":12},"end":{"line":119,"column":null}},"51":{"start":{"line":122,"column":8},"end":{"line":122,"column":null}},"52":{"start":{"line":123,"column":8},"end":{"line":123,"column":14}},"53":{"start":{"line":102,"column":13},"end":{"line":102,"column":29}}},"fnMap":{"0":{"name":"(anonymous_8)","decl":{"start":{"line":7,"column":27},"end":{"line":7,"column":34}},"loc":{"start":{"line":7,"column":63},"end":{"line":37,"column":null}}},"1":{"name":"(anonymous_9)","decl":{"start":{"line":7,"column":63},"end":{"line":7,"column":null}},"loc":{"start":{"line":7,"column":63},"end":{"line":37,"column":1}}},"2":{"name":"(anonymous_10)","decl":{"start":{"line":39,"column":31},"end":{"line":39,"column":40}},"loc":{"start":{"line":39,"column":42},"end":{"line":46,"column":null}}},"3":{"name":"(anonymous_11)","decl":{"start":{"line":39,"column":42},"end":{"line":39,"column":null}},"loc":{"start":{"line":39,"column":42},"end":{"line":46,"column":1}}},"4":{"name":"(anonymous_12)","decl":{"start":{"line":48,"column":30},"end":{"line":48,"column":37}},"loc":{"start":{"line":48,"column":65},"end":{"line":74,"column":null}}},"5":{"name":"(anonymous_13)","decl":{"start":{"line":48,"column":65},"end":{"line":48,"column":null}},"loc":{"start":{"line":48,"column":65},"end":{"line":74,"column":1}}},"6":{"name":"(anonymous_14)","decl":{"start":{"line":76,"column":30},"end":{"line":76,"column":37}},"loc":{"start":{"line":76,"column":49},"end":{"line":99,"column":null}}},"7":{"name":"(anonymous_15)","decl":{"start":{"line":76,"column":49},"end":{"line":76,"column":null}},"loc":{"start":{"line":76,"column":49},"end":{"line":99,"column":1}}},"8":{"name":"(anonymous_16)","decl":{"start":{"line":102,"column":29},"end":{"line":102,"column":36}},"loc":{"start":{"line":102,"column":65},"end":{"line":125,"column":null}}},"9":{"name":"(anonymous_17)","decl":{"start":{"line":102,"column":65},"end":{"line":102,"column":null}},"loc":{"start":{"line":102,"column":65},"end":{"line":125,"column":1}}}},"branchMap":{"0":{"loc":{"start":{"line":14,"column":8},"end":{"line":21,"column":9}},"type":"if","locations":[{"start":{"line":14,"column":8},"end":{"line":21,"column":9}}]},"1":{"loc":{"start":{"line":54,"column":8},"end":{"line":66,"column":9}},"type":"if","locations":[{"start":{"line":54,"column":8},"end":{"line":66,"column":9}},{"start":{"line":61,"column":15},"end":{"line":66,"column":9}}]},"2":{"loc":{"start":{"line":83,"column":8},"end":{"line":92,"column":9}},"type":"if","locations":[{"start":{"line":83,"column":8},"end":{"line":92,"column":9}},{"start":{"line":87,"column":15},"end":{"line":92,"column":9}}]},"3":{"loc":{"start":{"line":107,"column":8},"end":{"line":120,"column":9}},"type":"if","locations":[{"start":{"line":107,"column":8},"end":{"line":120,"column":9}},{"start":{"line":115,"column":15},"end":{"line":120,"column":9}}]}},"s":{"0":4,"1":4,"2":4,"3":4,"4":3,"5":3,"6":3,"7":3,"8":1,"9":1,"10":3,"11":0,"12":0,"13":4,"14":4,"15":0,"16":0,"17":0,"18":0,"19":0,"20":4,"21":4,"22":1,"23":1,"24":1,"25":1,"26":1,"27":1,"28":0,"29":0,"30":4,"31":4,"32":0,"33":0,"34":0,"35":0,"36":0,"37":0,"38":0,"39":0,"40":0,"41":0,"42":4,"43":4,"44":1,"45":1,"46":1,"47":1,"48":1,"49":1,"50":0,"51":0,"52":0,"53":4},"f":{"0":3,"1":3,"2":0,"3":0,"4":1,"5":1,"6":0,"7":0,"8":1,"9":1},"b":{"0":[1],"1":[1,0],"2":[0,0],"3":[1,0]}}
,"/Users/soleil00/Desktop/my-brand-backend/server/services/multer.service.ts": {"path":"/Users/soleil00/Desktop/my-brand-backend/server/services/multer.service.ts","statementMap":{"0":{"start":{"line":3,"column":15},"end":{"line":3,"column":32}},"1":{"start":{"line":5,"column":16},"end":{"line":9,"column":2}},"2":{"start":{"line":7,"column":4},"end":{"line":7,"column":null}},"3":{"start":{"line":11,"column":22},"end":{"line":11,"column":48}},"4":{"start":{"line":13,"column":0},"end":{"line":13,"column":null}}},"fnMap":{"0":{"name":"(anonymous_0)","decl":{"start":{"line":6,"column":12},"end":{"line":6,"column":22}},"loc":{"start":{"line":6,"column":98},"end":{"line":8,"column":3}}}},"branchMap":{},"s":{"0":4,"1":4,"2":0,"3":4,"4":4},"f":{"0":0},"b":{}}
,"/Users/soleil00/Desktop/my-brand-backend/server/services/subscriber.service.ts": {"path":"/Users/soleil00/Desktop/my-brand-backend/server/services/subscriber.service.ts","statementMap":{"0":{"start":{"line":2,"column":0},"end":{"line":2,"column":76}},"1":{"start":{"line":5,"column":33},"end":{"line":34,"column":null}},"2":{"start":{"line":5,"column":69},"end":{"line":34,"column":null}},"3":{"start":{"line":7,"column":4},"end":{"line":33,"column":5}},"4":{"start":{"line":9,"column":47},"end":{"line":9,"column":70}},"5":{"start":{"line":11,"column":22},"end":{"line":11,"column":36}},"6":{"start":{"line":13,"column":8},"end":{"line":24,"column":9}},"7":{"start":{"line":14,"column":12},"end":{"line":19,"column":null}},"8":{"start":{"line":21,"column":12},"end":{"line":23,"column":null}},"9":{"start":{"line":27,"column":8},"end":{"line":27,"column":null}},"10":{"start":{"line":29,"column":8},"end":{"line":32,"column":null}},"11":{"start":{"line":5,"column":13},"end":{"line":5,"column":33}},"12":{"start":{"line":37,"column":32},"end":{"line":60,"column":null}},"13":{"start":{"line":37,"column":70},"end":{"line":60,"column":null}},"14":{"start":{"line":39,"column":19},"end":{"line":39,"column":29}},"15":{"start":{"line":41,"column":4},"end":{"line":59,"column":5}},"16":{"start":{"line":42,"column":28},"end":{"line":42,"column":57}},"17":{"start":{"line":44,"column":8},"end":{"line":56,"column":9}},"18":{"start":{"line":45,"column":12},"end":{"line":45,"column":null}},"19":{"start":{"line":47,"column":12},"end":{"line":50,"column":null}},"20":{"start":{"line":53,"column":12},"end":{"line":55,"column":null}},"21":{"start":{"line":58,"column":8},"end":{"line":58,"column":null}},"22":{"start":{"line":37,"column":13},"end":{"line":37,"column":32}}},"fnMap":{"0":{"name":"(anonymous_8)","decl":{"start":{"line":5,"column":33},"end":{"line":5,"column":40}},"loc":{"start":{"line":5,"column":69},"end":{"line":34,"column":null}}},"1":{"name":"(anonymous_9)","decl":{"start":{"line":5,"column":69},"end":{"line":5,"column":null}},"loc":{"start":{"line":5,"column":69},"end":{"line":34,"column":1}}},"2":{"name":"(anonymous_10)","decl":{"start":{"line":37,"column":32},"end":{"line":37,"column":39}},"loc":{"start":{"line":37,"column":70},"end":{"line":60,"column":null}}},"3":{"name":"(anonymous_11)","decl":{"start":{"line":37,"column":70},"end":{"line":37,"column":null}},"loc":{"start":{"line":37,"column":70},"end":{"line":60,"column":1}}}},"branchMap":{"0":{"loc":{"start":{"line":13,"column":8},"end":{"line":24,"column":9}},"type":"if","locations":[{"start":{"line":13,"column":8},"end":{"line":24,"column":9}},{"start":{"line":20,"column":15},"end":{"line":24,"column":9}}]},"1":{"loc":{"start":{"line":44,"column":8},"end":{"line":56,"column":9}},"type":"if","locations":[{"start":{"line":44,"column":8},"end":{"line":56,"column":9}},{"start":{"line":52,"column":15},"end":{"line":56,"column":9}}]}},"s":{"0":4,"1":4,"2":1,"3":1,"4":1,"5":1,"6":1,"7":1,"8":0,"9":0,"10":0,"11":4,"12":4,"13":2,"14":2,"15":2,"16":2,"17":2,"18":1,"19":1,"20":1,"21":0,"22":4},"f":{"0":1,"1":1,"2":2,"3":2},"b":{"0":[1,0],"1":[1,1]}}
,"/Users/soleil00/Desktop/my-brand-backend/server/services/userServices.ts": {"path":"/Users/soleil00/Desktop/my-brand-backend/server/services/userServices.ts","statementMap":{"0":{"start":{"line":3,"column":0},"end":{"line":3,"column":55}},"1":{"start":{"line":6,"column":27},"end":{"line":14,"column":null}},"2":{"start":{"line":6,"column":38},"end":{"line":14,"column":null}},"3":{"start":{"line":7,"column":4},"end":{"line":13,"column":5}},"4":{"start":{"line":9,"column":22},"end":{"line":9,"column":65}},"5":{"start":{"line":10,"column":8},"end":{"line":10,"column":null}},"6":{"start":{"line":12,"column":8},"end":{"line":12,"column":85}},"7":{"start":{"line":6,"column":13},"end":{"line":6,"column":27}},"8":{"start":{"line":16,"column":29},"end":{"line":23,"column":null}},"9":{"start":{"line":16,"column":40},"end":{"line":23,"column":null}},"10":{"start":{"line":17,"column":4},"end":{"line":22,"column":5}},"11":{"start":{"line":18,"column":22},"end":{"line":18,"column":75}},"12":{"start":{"line":19,"column":8},"end":{"line":19,"column":null}},"13":{"start":{"line":21,"column":8},"end":{"line":21,"column":null}},"14":{"start":{"line":16,"column":13},"end":{"line":16,"column":29}},"15":{"start":{"line":25,"column":26},"end":{"line":33,"column":null}},"16":{"start":{"line":25,"column":49},"end":{"line":33,"column":null}},"17":{"start":{"line":26,"column":4},"end":{"line":31,"column":5}},"18":{"start":{"line":27,"column":21},"end":{"line":27,"column":48}},"19":{"start":{"line":28,"column":8},"end":{"line":28,"column":null}},"20":{"start":{"line":30,"column":8},"end":{"line":30,"column":null}},"21":{"start":{"line":25,"column":13},"end":{"line":25,"column":26}},"22":{"start":{"line":35,"column":26},"end":{"line":42,"column":null}},"23":{"start":{"line":35,"column":49},"end":{"line":42,"column":null}},"24":{"start":{"line":36,"column":4},"end":{"line":41,"column":5}},"25":{"start":{"line":37,"column":21},"end":{"line":37,"column":87}},"26":{"start":{"line":38,"column":8},"end":{"line":38,"column":null}},"27":{"start":{"line":40,"column":8},"end":{"line":40,"column":null}},"28":{"start":{"line":35,"column":13},"end":{"line":35,"column":26}},"29":{"start":{"line":44,"column":26},"end":{"line":51,"column":null}},"30":{"start":{"line":44,"column":46},"end":{"line":51,"column":null}},"31":{"start":{"line":45,"column":4},"end":{"line":50,"column":5}},"32":{"start":{"line":46,"column":21},"end":{"line":46,"column":53}},"33":{"start":{"line":47,"column":8},"end":{"line":47,"column":null}},"34":{"start":{"line":49,"column":8},"end":{"line":49,"column":null}},"35":{"start":{"line":44,"column":13},"end":{"line":44,"column":26}},"36":{"start":{"line":53,"column":29},"end":{"line":72,"column":null}},"37":{"start":{"line":53,"column":64},"end":{"line":72,"column":null}},"38":{"start":{"line":54,"column":4},"end":{"line":71,"column":5}},"39":{"start":{"line":55,"column":21},"end":{"line":55,"column":55}},"40":{"start":{"line":56,"column":8},"end":{"line":68,"column":9}},"41":{"start":{"line":58,"column":12},"end":{"line":62,"column":null}},"42":{"start":{"line":64,"column":12},"end":{"line":67,"column":null}},"43":{"start":{"line":70,"column":8},"end":{"line":70,"column":null}},"44":{"start":{"line":53,"column":13},"end":{"line":53,"column":29}},"45":{"start":{"line":76,"column":25},"end":{"line":93,"column":null}},"46":{"start":{"line":76,"column":48},"end":{"line":93,"column":null}},"47":{"start":{"line":77,"column":29},"end":{"line":77,"column":37}},"48":{"start":{"line":78,"column":4},"end":{"line":92,"column":5}},"49":{"start":{"line":79,"column":26},"end":{"line":79,"column":78}},"50":{"start":{"line":81,"column":8},"end":{"line":84,"column":9}},"51":{"start":{"line":82,"column":12},"end":{"line":82,"column":46}},"52":{"start":{"line":87,"column":8},"end":{"line":87,"column":null}},"53":{"start":{"line":90,"column":8},"end":{"line":90,"column":null}},"54":{"start":{"line":91,"column":8},"end":{"line":91,"column":14}},"55":{"start":{"line":76,"column":13},"end":{"line":76,"column":25}}},"fnMap":{"0":{"name":"(anonymous_8)","decl":{"start":{"line":6,"column":27},"end":{"line":6,"column":36}},"loc":{"start":{"line":6,"column":38},"end":{"line":14,"column":null}}},"1":{"name":"(anonymous_9)","decl":{"start":{"line":6,"column":38},"end":{"line":6,"column":null}},"loc":{"start":{"line":6,"column":38},"end":{"line":14,"column":1}}},"2":{"name":"(anonymous_10)","decl":{"start":{"line":16,"column":29},"end":{"line":16,"column":38}},"loc":{"start":{"line":16,"column":40},"end":{"line":23,"column":null}}},"3":{"name":"(anonymous_11)","decl":{"start":{"line":16,"column":40},"end":{"line":16,"column":null}},"loc":{"start":{"line":16,"column":40},"end":{"line":23,"column":1}}},"4":{"name":"(anonymous_12)","decl":{"start":{"line":25,"column":26},"end":{"line":25,"column":33}},"loc":{"start":{"line":25,"column":49},"end":{"line":33,"column":null}}},"5":{"name":"(anonymous_13)","decl":{"start":{"line":25,"column":49},"end":{"line":25,"column":null}},"loc":{"start":{"line":25,"column":49},"end":{"line":33,"column":1}}},"6":{"name":"(anonymous_14)","decl":{"start":{"line":35,"column":26},"end":{"line":35,"column":33}},"loc":{"start":{"line":35,"column":49},"end":{"line":42,"column":null}}},"7":{"name":"(anonymous_15)","decl":{"start":{"line":35,"column":49},"end":{"line":35,"column":null}},"loc":{"start":{"line":35,"column":49},"end":{"line":42,"column":1}}},"8":{"name":"(anonymous_16)","decl":{"start":{"line":44,"column":26},"end":{"line":44,"column":33}},"loc":{"start":{"line":44,"column":46},"end":{"line":51,"column":null}}},"9":{"name":"(anonymous_17)","decl":{"start":{"line":44,"column":46},"end":{"line":44,"column":null}},"loc":{"start":{"line":44,"column":46},"end":{"line":51,"column":1}}},"10":{"name":"(anonymous_18)","decl":{"start":{"line":53,"column":29},"end":{"line":53,"column":36}},"loc":{"start":{"line":53,"column":64},"end":{"line":72,"column":null}}},"11":{"name":"(anonymous_19)","decl":{"start":{"line":53,"column":64},"end":{"line":53,"column":null}},"loc":{"start":{"line":53,"column":64},"end":{"line":72,"column":1}}},"12":{"name":"(anonymous_20)","decl":{"start":{"line":76,"column":25},"end":{"line":76,"column":32}},"loc":{"start":{"line":76,"column":48},"end":{"line":93,"column":null}}},"13":{"name":"(anonymous_21)","decl":{"start":{"line":76,"column":48},"end":{"line":76,"column":null}},"loc":{"start":{"line":76,"column":48},"end":{"line":93,"column":1}}}},"branchMap":{"0":{"loc":{"start":{"line":56,"column":8},"end":{"line":68,"column":9}},"type":"if","locations":[{"start":{"line":56,"column":8},"end":{"line":68,"column":9}},{"start":{"line":63,"column":15},"end":{"line":68,"column":9}}]},"1":{"loc":{"start":{"line":81,"column":8},"end":{"line":84,"column":9}},"type":"if","locations":[{"start":{"line":81,"column":8},"end":{"line":84,"column":9}}]}},"s":{"0":4,"1":4,"2":1,"3":1,"4":1,"5":1,"6":0,"7":4,"8":4,"9":1,"10":1,"11":1,"12":1,"13":0,"14":4,"15":4,"16":10,"17":10,"18":10,"19":10,"20":0,"21":4,"22":4,"23":1,"24":1,"25":1,"26":1,"27":0,"28":4,"29":4,"30":1,"31":1,"32":1,"33":1,"34":0,"35":4,"36":4,"37":1,"38":1,"39":1,"40":1,"41":1,"42":0,"43":0,"44":4,"45":4,"46":3,"47":3,"48":3,"49":3,"50":3,"51":1,"52":2,"53":1,"54":1,"55":4},"f":{"0":1,"1":1,"2":1,"3":1,"4":10,"5":10,"6":1,"7":1,"8":1,"9":1,"10":1,"11":1,"12":3,"13":3},"b":{"0":[1,0],"1":[1]}}
,"/Users/soleil00/Desktop/my-brand-backend/server/utils/server.ts": {"path":"/Users/soleil00/Desktop/my-brand-backend/server/utils/server.ts","statementMap":{"0":{"start":{"line":2,"column":0},"end":{"line":2,"column":53}},"1":{"start":{"line":3,"column":0},"end":{"line":3,"column":28}},"2":{"start":{"line":4,"column":0},"end":{"line":4,"column":37}},"3":{"start":{"line":5,"column":0},"end":{"line":5,"column":34}},"4":{"start":{"line":6,"column":0},"end":{"line":6,"column":46}},"5":{"start":{"line":7,"column":0},"end":{"line":7,"column":23}},"6":{"start":{"line":10,"column":0},"end":{"line":10,"column":16}},"7":{"start":{"line":13,"column":21},"end":{"line":35,"column":1}},"8":{"start":{"line":15,"column":20},"end":{"line":15,"column":29}},"9":{"start":{"line":17,"column":8},"end":{"line":17,"column":56}},"10":{"start":{"line":18,"column":8},"end":{"line":18,"column":32}},"11":{"start":{"line":19,"column":8},"end":{"line":19,"column":35}},"12":{"start":{"line":21,"column":8},"end":{"line":21,"column":24}},"13":{"start":{"line":23,"column":8},"end":{"line":25,"column":11}},"14":{"start":{"line":24,"column":8},"end":{"line":24,"column":47}},"15":{"start":{"line":27,"column":8},"end":{"line":27,"column":38}},"16":{"start":{"line":28,"column":8},"end":{"line":28,"column":null}},"17":{"start":{"line":31,"column":8},"end":{"line":31,"column":19}},"18":{"start":{"line":37,"column":0},"end":{"line":37,"column":28}}},"fnMap":{"0":{"name":"(anonymous_1)","decl":{"start":{"line":13,"column":21},"end":{"line":13,"column":23}},"loc":{"start":{"line":13,"column":25},"end":{"line":35,"column":1}}},"1":{"name":"(anonymous_2)","decl":{"start":{"line":23,"column":21},"end":{"line":23,"column":22}},"loc":{"start":{"line":23,"column":53},"end":{"line":25,"column":9}}}},"branchMap":{},"s":{"0":4,"1":4,"2":4,"3":4,"4":4,"5":4,"6":4,"7":4,"8":4,"9":4,"10":4,"11":4,"12":4,"13":4,"14":1,"15":4,"16":4,"17":4,"18":4},"f":{"0":4,"1":1},"b":{}}
}
