TN:
SF:server/controllers/blogControllers.ts
FN:6,(anonymous_13)
FN:6,(anonymous_14)
FN:31,(anonymous_15)
FN:31,(anonymous_16)
FN:50,(anonymous_17)
FN:50,(anonymous_18)
FN:68,(anonymous_19)
FN:68,(anonymous_20)
FN:86,(anonymous_21)
FN:86,(anonymous_22)
FN:102,(anonymous_23)
FN:102,(anonymous_24)
FN:128,(anonymous_25)
FN:128,(anonymous_26)
FNF:14
FNH:14
FNDA:1,(anonymous_13)
FNDA:1,(anonymous_14)
FNDA:2,(anonymous_15)
FNDA:2,(anonymous_16)
FNDA:1,(anonymous_17)
FNDA:1,(anonymous_18)
FNDA:1,(anonymous_19)
FNDA:1,(anonymous_20)
FNDA:2,(anonymous_21)
FNDA:2,(anonymous_22)
FNDA:1,(anonymous_23)
FNDA:1,(anonymous_24)
FNDA:1,(anonymous_25)
FNDA:1,(anonymous_26)
DA:2,4
DA:3,4
DA:6,4
DA:7,1
DA:8,1
DA:9,1
DA:11,1
DA:12,1
DA:18,0
DA:24,0
DA:31,4
DA:32,2
DA:33,2
DA:35,2
DA:42,0
DA:43,0
DA:50,4
DA:51,1
DA:52,1
DA:53,1
DA:60,0
DA:68,4
DA:69,1
DA:70,1
DA:71,1
DA:78,0
DA:86,4
DA:87,2
DA:88,2
DA:89,1
DA:95,1
DA:102,4
DA:103,1
DA:104,1
DA:107,1
DA:108,1
DA:114,0
DA:120,0
DA:128,4
DA:129,1
DA:130,1
DA:132,1
DA:133,1
DA:140,0
LF:44
LH:35
BRDA:11,0,0,1
BRDA:11,0,1,0
BRDA:107,1,0,1
BRDA:107,1,1,0
BRDA:132,2,0,1
BRF:5
BRH:3
end_of_record
TN:
SF:server/controllers/messagesController.ts
FN:4,(anonymous_13)
FN:4,(anonymous_14)
FN:20,(anonymous_15)
FN:20,(anonymous_16)
FN:32,(anonymous_17)
FN:32,(anonymous_18)
FNF:6
FNH:6
FNDA:3,(anonymous_13)
FNDA:3,(anonymous_14)
FNDA:1,(anonymous_15)
FNDA:1,(anonymous_16)
FNDA:1,(anonymous_17)
FNDA:1,(anonymous_18)
DA:2,4
DA:4,4
DA:5,3
DA:6,3
DA:8,3
DA:11,0
DA:20,4
DA:22,1
DA:23,1
DA:25,1
DA:32,4
DA:34,1
DA:35,1
DA:37,1
DA:40,0
LF:15
LH:13
BRF:0
BRH:0
end_of_record
TN:
SF:server/controllers/userController.ts
FN:7,(anonymous_14)
FN:7,(anonymous_15)
FN:29,(anonymous_16)
FN:29,(anonymous_17)
FN:54,(anonymous_18)
FN:54,(anonymous_19)
FN:70,(anonymous_20)
FN:70,(anonymous_21)
FN:92,(anonymous_22)
FN:92,(anonymous_23)
FN:115,(anonymous_24)
FN:115,(anonymous_25)
FNF:12
FNH:12
FNDA:1,(anonymous_14)
FNDA:1,(anonymous_15)
FNDA:10,(anonymous_16)
FNDA:10,(anonymous_17)
FNDA:1,(anonymous_18)
FNDA:1,(anonymous_19)
FNDA:1,(anonymous_20)
FNDA:1,(anonymous_21)
FNDA:1,(anonymous_22)
FNDA:1,(anonymous_23)
FNDA:3,(anonymous_24)
FNDA:3,(anonymous_25)
DA:2,4
DA:4,4
DA:5,4
DA:7,4
DA:8,1
DA:9,1
DA:10,1
DA:11,1
DA:12,1
DA:19,0
DA:23,0
DA:29,10
DA:30,10
DA:32,10
DA:34,10
DA:35,0
DA:40,10
DA:41,10
DA:48,0
DA:54,4
DA:55,1
DA:56,1
DA:58,1
DA:62,0
DA:70,4
DA:71,1
DA:72,1
DA:73,1
DA:74,1
DA:80,0
DA:84,0
DA:92,4
DA:93,1
DA:94,1
DA:95,1
DA:96,1
DA:102,0
DA:107,0
DA:115,4
DA:116,3
DA:117,3
DA:119,3
DA:120,1
DA:124,2
DA:128,2
DA:129,1
DA:133,1
DA:140,1
DA:147,0
LF:49
LH:39
BRDA:10,0,0,1
BRDA:34,1,0,0
BRDA:73,2,0,1
BRDA:95,3,0,1
BRDA:119,4,0,1
BRDA:128,5,0,1
BRDA:128,5,1,1
BRDA:128,6,0,2
BRDA:128,6,1,2
BRF:9
BRH:8
end_of_record
TN:
SF:server/doc/swaggerOptions.ts
FNF:0
FNH:0
DA:1,4
DA:2,4
DA:3,4
DA:5,4
DA:7,4
DA:9,4
DA:640,4
DA:641,4
DA:643,4
LF:9
LH:9
BRF:0
BRH:0
end_of_record
TN:
SF:server/middlewares/adminValidation.ts
FN:7,(anonymous_7)
FN:7,(anonymous_8)
FNF:2
FNH:2
FNDA:24,(anonymous_7)
FNDA:24,(anonymous_8)
DA:7,24
DA:9,24
DA:11,24
DA:13,24
DA:14,15
DA:16,9
DA:23,0
LF:7
LH:6
BRDA:13,0,0,15
BRDA:13,0,1,9
BRF:2
BRH:2
end_of_record
TN:
SF:server/middlewares/blogValidation.ts
FN:10,validateBlog
FN:29,validateUpdateBlog
FNF:2
FNH:2
FNDA:3,validateBlog
FNDA:1,validateUpdateBlog
DA:2,4
DA:5,4
DA:10,4
DA:11,3
DA:12,3
DA:13,2
DA:15,1
DA:23,4
DA:29,4
DA:30,1
DA:31,1
DA:32,1
DA:34,0
LF:13
LH:12
BRF:0
BRH:0
end_of_record
TN:
SF:server/middlewares/commentValidation.ts
FN:12,validateComment
FNF:1
FNH:1
FNDA:1,validateComment
DA:2,4
DA:7,4
DA:12,4
DA:13,1
DA:14,1
DA:16,1
DA:18,0
LF:7
LH:6
BRF:0
BRH:0
end_of_record
TN:
SF:server/middlewares/idValidation.ts
FN:4,(anonymous_0)
FNF:1
FNH:1
FNDA:17,(anonymous_0)
DA:4,4
DA:5,17
DA:7,17
DA:8,14
DA:10,3
LF:5
LH:5
BRDA:7,0,0,14
BRDA:7,0,1,3
BRF:2
BRH:2
end_of_record
TN:
SF:server/middlewares/isAuthenticated.ts
FN:8,(anonymous_13)
FN:8,(anonymous_14)
FNF:2
FNH:2
FNDA:32,(anonymous_13)
FNDA:32,(anonymous_14)
DA:3,4
DA:8,32
DA:9,32
DA:10,32
DA:11,5
DA:13,27
DA:14,27
DA:15,27
DA:16,0
DA:18,27
DA:19,27
DA:21,0
LF:12
LH:10
BRDA:9,0,0,5
BRDA:9,0,1,27
BRDA:9,1,0,32
BRDA:9,1,1,32
BRDA:10,2,0,5
BRDA:15,3,0,0
BRF:6
BRH:5
end_of_record
TN:
SF:server/middlewares/messageValidation.ts
FN:14,validateMessage
FNF:1
FNH:1
FNDA:3,validateMessage
DA:2,4
DA:5,4
DA:14,4
DA:15,3
DA:16,3
DA:17,3
DA:19,0
LF:7
LH:6
BRF:0
BRH:0
end_of_record
TN:
SF:server/middlewares/userValidation.ts
FN:12,validateSignUpuser
FN:31,validateLoginUser
FNF:2
FNH:2
FNDA:11,validateSignUpuser
FNDA:3,validateLoginUser
DA:2,4
DA:4,4
DA:12,4
DA:13,11
DA:14,11
DA:15,10
DA:17,1
DA:25,4
DA:31,4
DA:32,3
DA:33,3
DA:34,3
DA:36,0
LF:13
LH:12
BRF:0
BRH:0
end_of_record
TN:
SF:server/model/blogModel.ts
FNF:0
FNH:0
DA:2,4
DA:15,4
DA:37,4
DA:39,4
LF:4
LH:4
BRF:0
BRH:0
end_of_record
TN:
SF:server/model/commentModel.ts
FNF:0
FNH:0
DA:1,4
DA:8,4
DA:24,4
DA:26,4
LF:4
LH:4
BRF:0
BRH:0
end_of_record
TN:
SF:server/model/messageModel.ts
FNF:0
FNH:0
DA:2,4
DA:4,4
DA:42,4
DA:44,4
LF:4
LH:4
BRF:0
BRH:0
end_of_record
TN:
SF:server/model/subscribersModel.ts
FNF:0
FNH:0
DA:2,4
DA:4,4
DA:21,4
DA:23,4
LF:4
LH:4
BRF:0
BRH:0
end_of_record
TN:
SF:server/model/userMode.ts
FNF:0
FNH:0
DA:2,4
DA:18,4
DA:44,4
DA:46,4
LF:4
LH:4
BRF:0
BRH:0
end_of_record
TN:
SF:server/routes/blogRoutes.ts
FNF:0
FNH:0
DA:3,4
DA:4,4
DA:5,4
DA:6,4
DA:7,4
DA:8,4
DA:9,4
DA:10,4
DA:11,4
DA:14,4
DA:17,4
DA:18,4
DA:19,4
DA:20,4
DA:23,4
DA:24,4
DA:25,4
DA:26,4
DA:30,4
LF:19
LH:19
BRF:0
BRH:0
end_of_record
TN:
SF:server/routes/index.ts
FNF:0
FNH:0
DA:2,4
DA:3,4
DA:4,4
DA:5,4
DA:6,4
DA:8,4
DA:10,4
DA:11,4
DA:12,4
DA:13,4
DA:16,4
LF:11
LH:11
BRF:0
BRH:0
end_of_record
TN:
SF:server/routes/messageRoutes.ts
FNF:0
FNH:0
DA:2,4
DA:3,4
DA:4,4
DA:5,4
DA:6,4
DA:7,4
DA:10,4
DA:12,4
DA:13,4
DA:14,4
DA:17,4
LF:11
LH:11
BRF:0
BRH:0
end_of_record
TN:
SF:server/routes/subscribersRoutes.ts
FNF:0
FNH:0
DA:2,4
DA:3,4
DA:4,4
DA:5,4
DA:6,4
DA:9,4
DA:11,4
DA:12,4
DA:16,4
LF:9
LH:9
BRF:0
BRH:0
end_of_record
TN:
SF:server/routes/userRoutes.ts
FNF:0
FNH:0
DA:1,4
DA:2,4
DA:3,4
DA:4,4
DA:5,4
DA:10,4
DA:12,4
DA:14,4
DA:15,4
DA:16,4
DA:17,4
DA:18,4
DA:21,4
LF:13
LH:13
BRF:0
BRH:0
end_of_record
TN:
SF:server/services/blogServices.ts
FN:9,(anonymous_8)
FN:9,(anonymous_9)
FN:18,(anonymous_10)
FN:18,(anonymous_11)
FN:29,(anonymous_12)
FN:29,(anonymous_13)
FN:56,(anonymous_14)
FN:56,(anonymous_15)
FN:89,(anonymous_16)
FN:89,(anonymous_17)
FN:104,(anonymous_18)
FN:104,(anonymous_19)
FN:119,(anonymous_20)
FN:119,(anonymous_21)
FNF:14
FNH:14
FNDA:1,(anonymous_8)
FNDA:1,(anonymous_9)
FNDA:1,(anonymous_10)
FNDA:1,(anonymous_11)
FNDA:2,(anonymous_12)
FNDA:2,(anonymous_13)
FNDA:1,(anonymous_14)
FNDA:1,(anonymous_15)
FNDA:1,(anonymous_16)
FNDA:1,(anonymous_17)
FNDA:2,(anonymous_18)
FNDA:2,(anonymous_19)
FNDA:1,(anonymous_20)
FNDA:1,(anonymous_21)
DA:2,4
DA:4,4
DA:9,4
DA:10,1
DA:11,1
DA:12,1
DA:18,4
DA:19,1
DA:20,1
DA:21,1
DA:23,0
DA:29,4
DA:31,2
DA:33,2
DA:36,2
DA:37,0
DA:38,0
DA:43,2
DA:48,2
DA:51,0
DA:52,0
DA:56,4
DA:58,1
DA:59,1
DA:60,1
DA:64,1
DA:65,0
DA:66,0
DA:72,1
DA:79,1
DA:80,0
DA:83,1
DA:85,0
DA:89,4
DA:92,1
DA:94,1
DA:95,1
DA:96,0
DA:98,1
DA:100,0
DA:104,4
DA:105,2
DA:108,2
DA:110,2
DA:111,1
DA:113,1
DA:115,1
DA:119,4
DA:120,1
DA:121,1
DA:122,1
DA:123,1
DA:128,0
LF:53
LH:41
BRDA:36,0,0,0
BRDA:36,0,1,2
BRDA:64,1,0,0
BRDA:64,1,1,1
BRDA:65,2,0,0
BRDA:65,2,1,0
BRDA:65,3,0,0
BRDA:65,3,1,0
BRDA:65,4,0,0
BRDA:65,4,1,0
BRDA:65,5,0,0
BRDA:65,5,1,0
BRDA:79,6,0,0
BRDA:95,7,0,0
BRDA:110,8,0,1
BRF:15
BRH:3
end_of_record
TN:
SF:server/services/cloudinary.service.ts
FNF:0
FNH:0
DA:1,4
DA:3,4
DA:5,4
DA:7,4
DA:13,4
LF:5
LH:5
BRF:0
BRH:0
end_of_record
TN:
SF:server/services/comment.service.ts
FN:6,(anonymous_8)
FN:6,(anonymous_9)
FNF:2
FNH:2
FNDA:1,(anonymous_8)
FNDA:1,(anonymous_9)
DA:2,4
DA:3,4
DA:6,4
DA:8,1
DA:10,1
DA:12,1
DA:14,1
DA:19,1
DA:21,1
DA:23,1
DA:25,1
DA:26,0
DA:28,1
DA:30,0
LF:14
LH:12
BRDA:21,0,0,0
BRDA:21,0,1,1
BRDA:21,1,0,1
BRDA:21,1,1,1
BRDA:23,2,0,0
BRDA:23,2,1,1
BRDA:23,3,0,1
BRDA:23,3,1,1
BRDA:25,4,0,0
BRF:9
BRH:6
end_of_record
TN:
SF:server/services/email.service.ts
FN:4,(anonymous_8)
FN:4,(anonymous_9)
FNF:2
FNH:2
FNDA:1,(anonymous_8)
FNDA:1,(anonymous_9)
DA:1,4
DA:4,4
DA:6,1
DA:16,1
DA:66,1
DA:67,1
DA:76,4
LF:7
LH:7
BRF:0
BRH:0
end_of_record
TN:
SF:server/services/jwtServices.service.ts
FN:8,(anonymous_8)
FN:20,(anonymous_9)
FN:20,(anonymous_10)
FNF:3
FNH:3
FNDA:8,(anonymous_8)
FNDA:27,(anonymous_9)
FNDA:27,(anonymous_10)
DA:1,4
DA:3,4
DA:4,4
DA:6,4
DA:8,4
DA:9,8
DA:10,8
DA:13,8
DA:15,0
DA:16,0
DA:20,27
DA:21,27
DA:22,27
DA:23,27
DA:24,0
DA:26,27
DA:27,27
DA:28,0
DA:30,27
DA:32,0
DA:33,0
LF:21
LH:15
BRDA:23,0,0,0
BRDA:27,1,0,0
BRF:2
BRH:0
end_of_record
TN:
SF:server/services/like.service.ts
FN:5,(anonymous_8)
FN:5,(anonymous_9)
FN:18,(anonymous_10)
FNF:3
FNH:2
FNDA:2,(anonymous_8)
FNDA:2,(anonymous_9)
FNDA:0,(anonymous_10)
DA:2,4
DA:5,4
DA:6,2
DA:8,2
DA:9,2
DA:11,2
DA:12,1
DA:18,1
DA:22,1
DA:23,0
DA:29,1
DA:36,1
DA:37,0
DA:43,1
DA:48,0
LF:15
LH:12
BRDA:11,0,0,1
BRDA:18,1,0,0
BRDA:18,1,1,1
BRDA:18,2,0,1
BRDA:18,2,1,1
BRDA:22,3,0,0
BRDA:22,3,1,1
BRDA:36,4,0,0
BRF:8
BRH:5
end_of_record
TN:
SF:server/services/message.service.ts
FN:7,(anonymous_8)
FN:7,(anonymous_9)
FN:39,(anonymous_10)
FN:39,(anonymous_11)
FN:48,(anonymous_12)
FN:48,(anonymous_13)
FN:76,(anonymous_14)
FN:76,(anonymous_15)
FN:102,(anonymous_16)
FN:102,(anonymous_17)
FNF:10
FNH:6
FNDA:3,(anonymous_8)
FNDA:3,(anonymous_9)
FNDA:0,(anonymous_10)
FNDA:0,(anonymous_11)
FNDA:1,(anonymous_12)
FNDA:1,(anonymous_13)
FNDA:0,(anonymous_14)
FNDA:0,(anonymous_15)
FNDA:1,(anonymous_16)
FNDA:1,(anonymous_17)
DA:2,4
DA:3,4
DA:4,4
DA:7,4
DA:9,3
DA:10,3
DA:14,3
DA:15,1
DA:20,1
DA:23,3
DA:30,0
DA:32,0
DA:39,4
DA:40,0
DA:41,0
DA:42,0
DA:44,0
DA:48,4
DA:50,1
DA:51,1
DA:52,1
DA:54,1
DA:55,1
DA:62,0
DA:69,0
DA:76,4
DA:78,0
DA:80,0
DA:81,0
DA:83,0
DA:85,0
DA:89,0
DA:91,0
DA:95,0
DA:96,0
DA:102,4
DA:104,1
DA:105,1
DA:107,1
DA:109,1
DA:111,1
DA:116,0
DA:122,0
DA:123,0
LF:44
LH:24
BRDA:14,0,0,1
BRDA:54,1,0,1
BRDA:54,1,1,0
BRDA:83,2,0,0
BRDA:83,2,1,0
BRDA:107,3,0,1
BRDA:107,3,1,0
BRF:7
BRH:3
end_of_record
TN:
SF:server/services/multer.service.ts
FN:6,(anonymous_0)
FNF:1
FNH:0
FNDA:0,(anonymous_0)
DA:3,4
DA:5,4
DA:7,0
DA:11,4
DA:13,4
LF:5
LH:4
BRF:0
BRH:0
end_of_record
TN:
SF:server/services/subscriber.service.ts
FN:5,(anonymous_8)
FN:5,(anonymous_9)
FN:37,(anonymous_10)
FN:37,(anonymous_11)
FNF:4
FNH:4
FNDA:1,(anonymous_8)
FNDA:1,(anonymous_9)
FNDA:2,(anonymous_10)
FNDA:2,(anonymous_11)
DA:2,4
DA:5,4
DA:7,1
DA:9,1
DA:11,1
DA:13,1
DA:14,1
DA:21,0
DA:27,0
DA:29,0
DA:37,4
DA:39,2
DA:41,2
DA:42,2
DA:44,2
DA:45,1
DA:47,1
DA:53,1
DA:58,0
LF:19
LH:15
BRDA:13,0,0,1
BRDA:13,0,1,0
BRDA:44,1,0,1
BRDA:44,1,1,1
BRF:4
BRH:3
end_of_record
TN:
SF:server/services/userServices.ts
FN:6,(anonymous_8)
FN:6,(anonymous_9)
FN:16,(anonymous_10)
FN:16,(anonymous_11)
FN:25,(anonymous_12)
FN:25,(anonymous_13)
FN:35,(anonymous_14)
FN:35,(anonymous_15)
FN:44,(anonymous_16)
FN:44,(anonymous_17)
FN:53,(anonymous_18)
FN:53,(anonymous_19)
FN:76,(anonymous_20)
FN:76,(anonymous_21)
FNF:14
FNH:14
FNDA:1,(anonymous_8)
FNDA:1,(anonymous_9)
FNDA:1,(anonymous_10)
FNDA:1,(anonymous_11)
FNDA:10,(anonymous_12)
FNDA:10,(anonymous_13)
FNDA:1,(anonymous_14)
FNDA:1,(anonymous_15)
FNDA:1,(anonymous_16)
FNDA:1,(anonymous_17)
FNDA:1,(anonymous_18)
FNDA:1,(anonymous_19)
FNDA:3,(anonymous_20)
FNDA:3,(anonymous_21)
DA:3,4
DA:6,4
DA:7,1
DA:9,1
DA:10,1
DA:12,0
DA:16,4
DA:17,1
DA:18,1
DA:19,1
DA:21,0
DA:25,10
DA:26,10
DA:27,10
DA:28,10
DA:30,0
DA:35,4
DA:36,1
DA:37,1
DA:38,1
DA:40,0
DA:44,4
DA:45,1
DA:46,1
DA:47,1
DA:49,0
DA:53,4
DA:54,1
DA:55,1
DA:56,1
DA:58,1
DA:64,0
DA:70,0
DA:76,4
DA:77,3
DA:78,3
DA:79,3
DA:81,3
DA:82,1
DA:87,2
DA:90,1
DA:91,1
LF:42
LH:35
BRDA:56,0,0,1
BRDA:56,0,1,0
BRDA:81,1,0,1
BRF:3
BRH:2
end_of_record
TN:
SF:server/utils/server.ts
FN:13,(anonymous_1)
FN:23,(anonymous_2)
FNF:2
FNH:2
FNDA:4,(anonymous_1)
FNDA:1,(anonymous_2)
DA:2,4
DA:3,4
DA:4,4
DA:5,4
DA:6,4
DA:7,4
DA:10,4
DA:13,4
DA:15,4
DA:17,4
DA:18,4
DA:19,4
DA:21,4
DA:23,4
DA:24,1
DA:27,4
DA:28,4
DA:31,4
DA:37,4
LF:19
LH:19
BRF:0
BRH:0
end_of_record
